<?xml version="1.0" encoding="UTF-8"?>
<testng-results ignored="0" total="57" passed="46" failed="11" skipped="0">
  <reporter-output>
  </reporter-output>
  <suite started-at="2017-11-15T20:31:36Z" name="Promytheus" finished-at="2017-11-15T20:45:06Z" duration-ms="809769">
    <groups>
      <group name="p1">
        <method signature="BaseTest.checkLogo()[pri:0, instance:tests.LoginPageTest@9f116cc]" name="checkLogo" class="tests.BaseTest"/>
        <method signature="LoginPageTest.emptyPass()[pri:2, instance:tests.LoginPageTest@9f116cc]" name="emptyPass" class="tests.LoginPageTest"/>
        <method signature="LoginPageTest.getErrors(java.lang.String, java.lang.String)[pri:1, instance:tests.LoginPageTest@9f116cc]" name="getErrors" class="tests.LoginPageTest"/>
        <method signature="LoginPageTest.logout()[pri:4, instance:tests.LoginPageTest@9f116cc]" name="logout" class="tests.LoginPageTest"/>
        <method signature="LoginPageTest.validLogin()[pri:3, instance:tests.LoginPageTest@9f116cc]" name="validLogin" class="tests.LoginPageTest"/>
        <method signature="BaseTest.checkLogo()[pri:0, instance:tests.RegisterPageTest@c8c12ac]" name="checkLogo" class="tests.BaseTest"/>
        <method signature="BaseTest.checkLogo()[pri:0, instance:tests.CategoryPageTest@1a482e36]" name="checkLogo" class="tests.BaseTest"/>
        <method signature="ValidLoginTest.validLogin()[pri:0, instance:tests.CategoryPageTest@1a482e36]" name="validLogin" class="tests.ValidLoginTest"/>
        <method signature="BaseTest.checkLogo()[pri:0, instance:tests.PersonalPageTest@f6efaab]" name="checkLogo" class="tests.BaseTest"/>
        <method signature="ValidLoginTest.validLogin()[pri:0, instance:tests.PersonalPageTest@f6efaab]" name="validLogin" class="tests.ValidLoginTest"/>
        <method signature="BaseTest.checkLogo()[pri:0, instance:tests.TalentTraitsPageTest@4c371370]" name="checkLogo" class="tests.BaseTest"/>
        <method signature="ValidLoginTest.validLogin()[pri:0, instance:tests.TalentTraitsPageTest@4c371370]" name="validLogin" class="tests.ValidLoginTest"/>
      </group> <!-- p1 -->
    </groups>
    <test started-at="2017-11-15T20:31:36Z" name="login" finished-at="2017-11-15T20:33:37Z" duration-ms="121101">
      <class name="tests.LoginPageTest">
        <test-method is-config="true" signature="beforeTest(java.lang.String, java.lang.String)[pri:0, instance:tests.LoginPageTest@9f116cc]" started-at="2017-11-15T12:31:36Z" name="beforeTest" finished-at="2017-11-15T12:32:31Z" duration-ms="54786" status="PASS">
          <params>
            <param index="0">
              <value>
                <![CDATA[chrome]]>
              </value>
            </param>
            <param index="1">
              <value>
                <![CDATA[http://ec2-52-53-181-39.us-west-1.compute.amazonaws.com]]>
              </value>
            </param>
          </params>
          <reporter-output>
          </reporter-output>
        </test-method> <!-- beforeTest -->
        <test-method is-config="true" signature="beforeClass()[pri:0, instance:tests.LoginPageTest@9f116cc]" started-at="2017-11-15T12:32:31Z" name="beforeClass" finished-at="2017-11-15T12:32:32Z" duration-ms="1146" status="PASS">
          <reporter-output>
          </reporter-output>
        </test-method> <!-- beforeClass -->
        <test-method signature="checkLogo()[pri:0, instance:tests.LoginPageTest@9f116cc]" started-at="2017-11-15T12:32:32Z" name="checkLogo" finished-at="2017-11-15T12:32:32Z" duration-ms="581" status="PASS">
          <reporter-output>
          </reporter-output>
        </test-method> <!-- checkLogo -->
        <test-method signature="getErrors(java.lang.String, java.lang.String)[pri:1, instance:tests.LoginPageTest@9f116cc]" started-at="2017-11-15T12:32:44Z" name="getErrors" data-provider="userData" finished-at="2017-11-15T12:32:45Z" duration-ms="1153" status="PASS">
          <params>
            <param index="0">
              <value>
                <![CDATA[]]>
              </value>
            </param>
            <param index="1">
              <value>
                <![CDATA[]]>
              </value>
            </param>
          </params>
          <reporter-output>
          </reporter-output>
        </test-method> <!-- getErrors -->
        <test-method signature="getErrors(java.lang.String, java.lang.String)[pri:1, instance:tests.LoginPageTest@9f116cc]" started-at="2017-11-15T12:32:45Z" name="getErrors" data-provider="userData" finished-at="2017-11-15T12:32:46Z" duration-ms="711" status="PASS">
          <params>
            <param index="0">
              <value>
                <![CDATA[]]>
              </value>
            </param>
            <param index="1">
              <value>
                <![CDATA[password]]>
              </value>
            </param>
          </params>
          <reporter-output>
          </reporter-output>
        </test-method> <!-- getErrors -->
        <test-method signature="getErrors(java.lang.String, java.lang.String)[pri:1, instance:tests.LoginPageTest@9f116cc]" started-at="2017-11-15T12:32:46Z" name="getErrors" data-provider="userData" finished-at="2017-11-15T12:32:58Z" duration-ms="11572" status="PASS">
          <params>
            <param index="0">
              <value>
                <![CDATA[kusiwa@cmail]]>
              </value>
            </param>
            <param index="1">
              <value>
                <![CDATA[password]]>
              </value>
            </param>
          </params>
          <reporter-output>
          </reporter-output>
        </test-method> <!-- getErrors -->
        <test-method signature="getErrors(java.lang.String, java.lang.String)[pri:1, instance:tests.LoginPageTest@9f116cc]" started-at="2017-11-15T12:32:58Z" name="getErrors" data-provider="userData" finished-at="2017-11-15T12:33:09Z" duration-ms="11649" status="PASS">
          <params>
            <param index="0">
              <value>
                <![CDATA[ku@cmail.club]]>
              </value>
            </param>
            <param index="1">
              <value>
                <![CDATA[password]]>
              </value>
            </param>
          </params>
          <reporter-output>
          </reporter-output>
        </test-method> <!-- getErrors -->
        <test-method signature="getErrors(java.lang.String, java.lang.String)[pri:1, instance:tests.LoginPageTest@9f116cc]" started-at="2017-11-15T12:33:09Z" name="getErrors" data-provider="userData" finished-at="2017-11-15T12:33:20Z" duration-ms="10833" status="PASS">
          <params>
            <param index="0">
              <value>
                <![CDATA[kusiwa@]]>
              </value>
            </param>
            <param index="1">
              <value>
                <![CDATA[password]]>
              </value>
            </param>
          </params>
          <reporter-output>
          </reporter-output>
        </test-method> <!-- getErrors -->
        <test-method signature="getErrors(java.lang.String, java.lang.String)[pri:1, instance:tests.LoginPageTest@9f116cc]" started-at="2017-11-15T12:33:20Z" name="getErrors" data-provider="userData" finished-at="2017-11-15T12:33:31Z" duration-ms="10964" status="PASS">
          <params>
            <param index="0">
              <value>
                <![CDATA[kusiwa@cmail.club]]>
              </value>
            </param>
            <param index="1">
              <value>
                <![CDATA[pass]]>
              </value>
            </param>
          </params>
          <reporter-output>
          </reporter-output>
        </test-method> <!-- getErrors -->
        <test-method signature="emptyPass()[pri:2, instance:tests.LoginPageTest@9f116cc]" started-at="2017-11-15T12:33:31Z" name="emptyPass" finished-at="2017-11-15T12:33:32Z" duration-ms="998" status="PASS">
          <reporter-output>
          </reporter-output>
        </test-method> <!-- emptyPass -->
        <test-method signature="validLogin()[pri:3, instance:tests.LoginPageTest@9f116cc]" started-at="2017-11-15T12:33:32Z" name="validLogin" finished-at="2017-11-15T12:33:33Z" duration-ms="1385" status="PASS">
          <reporter-output>
          </reporter-output>
        </test-method> <!-- validLogin -->
        <test-method signature="logout()[pri:4, instance:tests.LoginPageTest@9f116cc]" started-at="2017-11-15T12:33:33Z" name="logout" finished-at="2017-11-15T12:33:35Z" duration-ms="1553" status="PASS">
          <reporter-output>
          </reporter-output>
        </test-method> <!-- logout -->
        <test-method is-config="true" signature="afterTest()[pri:0, instance:tests.LoginPageTest@9f116cc]" started-at="2017-11-15T12:33:35Z" name="afterTest" finished-at="2017-11-15T12:33:37Z" duration-ms="2031" status="PASS">
          <reporter-output>
          </reporter-output>
        </test-method> <!-- afterTest -->
      </class> <!-- tests.LoginPageTest -->
    </test> <!-- login -->
    <test started-at="2017-11-15T20:33:38Z" name="register" finished-at="2017-11-15T20:39:07Z" duration-ms="328889">
      <class name="tests.RegisterPageTest">
        <test-method is-config="true" signature="beforeTest(java.lang.String, java.lang.String)[pri:0, instance:tests.RegisterPageTest@c8c12ac]" started-at="2017-11-15T12:33:38Z" name="beforeTest" finished-at="2017-11-15T12:33:51Z" duration-ms="13526" status="PASS">
          <params>
            <param index="0">
              <value>
                <![CDATA[chrome]]>
              </value>
            </param>
            <param index="1">
              <value>
                <![CDATA[http://ec2-52-53-181-39.us-west-1.compute.amazonaws.com]]>
              </value>
            </param>
          </params>
          <reporter-output>
          </reporter-output>
        </test-method> <!-- beforeTest -->
        <test-method is-config="true" signature="beforeClass()[pri:0, instance:tests.RegisterPageTest@c8c12ac]" started-at="2017-11-15T12:33:51Z" name="beforeClass" finished-at="2017-11-15T12:33:51Z" duration-ms="12" status="PASS">
          <reporter-output>
          </reporter-output>
        </test-method> <!-- beforeClass -->
        <test-method is-config="true" signature="generateUser()[pri:0, instance:tests.RegisterPageTest@c8c12ac]" started-at="2017-11-15T12:33:51Z" name="generateUser" finished-at="2017-11-15T12:34:17Z" duration-ms="25682" status="PASS">
          <reporter-output>
          </reporter-output>
        </test-method> <!-- generateUser -->
        <test-method signature="checkLogo()[pri:0, instance:tests.RegisterPageTest@c8c12ac]" started-at="2017-11-15T12:34:17Z" name="checkLogo" finished-at="2017-11-15T12:34:17Z" duration-ms="222" status="PASS">
          <reporter-output>
          </reporter-output>
        </test-method> <!-- checkLogo -->
        <test-method signature="gotoRegister()[pri:1, instance:tests.RegisterPageTest@c8c12ac]" started-at="2017-11-15T12:34:17Z" name="gotoRegister" finished-at="2017-11-15T12:34:18Z" duration-ms="1071" status="PASS">
          <reporter-output>
          </reporter-output>
        </test-method> <!-- gotoRegister -->
        <test-method signature="checkEmailError(java.lang.String)[pri:2, instance:tests.RegisterPageTest@c8c12ac]" started-at="2017-11-15T12:34:18Z" name="checkEmailError" data-provider="invalidEmails" finished-at="2017-11-15T12:34:19Z" duration-ms="647" status="PASS">
          <params>
            <param index="0">
              <value>
                <![CDATA[plainaddress]]>
              </value>
            </param>
          </params>
          <reporter-output>
          </reporter-output>
        </test-method> <!-- checkEmailError -->
        <test-method signature="checkEmailError(java.lang.String)[pri:2, instance:tests.RegisterPageTest@c8c12ac]" started-at="2017-11-15T12:34:19Z" name="checkEmailError" data-provider="invalidEmails" finished-at="2017-11-15T12:34:19Z" duration-ms="430" status="PASS">
          <params>
            <param index="0">
              <value>
                <![CDATA[#@%^%#$@#$@#.com]]>
              </value>
            </param>
          </params>
          <reporter-output>
          </reporter-output>
        </test-method> <!-- checkEmailError -->
        <test-method signature="checkEmailError(java.lang.String)[pri:2, instance:tests.RegisterPageTest@c8c12ac]" started-at="2017-11-15T12:34:19Z" name="checkEmailError" data-provider="invalidEmails" finished-at="2017-11-15T12:34:20Z" duration-ms="345" status="PASS">
          <params>
            <param index="0">
              <value>
                <![CDATA[@domain.com]]>
              </value>
            </param>
          </params>
          <reporter-output>
          </reporter-output>
        </test-method> <!-- checkEmailError -->
        <test-method signature="checkEmailError(java.lang.String)[pri:2, instance:tests.RegisterPageTest@c8c12ac]" started-at="2017-11-15T12:34:20Z" name="checkEmailError" data-provider="invalidEmails" finished-at="2017-11-15T12:34:20Z" duration-ms="553" status="PASS">
          <params>
            <param index="0">
              <value>
                <![CDATA[Joe Smith <email@domain.com>]]>
              </value>
            </param>
          </params>
          <reporter-output>
          </reporter-output>
        </test-method> <!-- checkEmailError -->
        <test-method signature="checkEmailError(java.lang.String)[pri:2, instance:tests.RegisterPageTest@c8c12ac]" started-at="2017-11-15T12:34:20Z" name="checkEmailError" data-provider="invalidEmails" finished-at="2017-11-15T12:34:21Z" duration-ms="366" status="PASS">
          <params>
            <param index="0">
              <value>
                <![CDATA[email.domain.com]]>
              </value>
            </param>
          </params>
          <reporter-output>
          </reporter-output>
        </test-method> <!-- checkEmailError -->
        <test-method signature="checkEmailError(java.lang.String)[pri:2, instance:tests.RegisterPageTest@c8c12ac]" started-at="2017-11-15T12:34:21Z" name="checkEmailError" data-provider="invalidEmails" finished-at="2017-11-15T12:34:21Z" duration-ms="548" status="PASS">
          <params>
            <param index="0">
              <value>
                <![CDATA[email@domain@domain.com]]>
              </value>
            </param>
          </params>
          <reporter-output>
          </reporter-output>
        </test-method> <!-- checkEmailError -->
        <test-method signature="checkEmailError(java.lang.String)[pri:2, instance:tests.RegisterPageTest@c8c12ac]" started-at="2017-11-15T12:34:21Z" name="checkEmailError" data-provider="invalidEmails" finished-at="2017-11-15T12:34:22Z" duration-ms="401" status="PASS">
          <params>
            <param index="0">
              <value>
                <![CDATA[.email@domain.com]]>
              </value>
            </param>
          </params>
          <reporter-output>
          </reporter-output>
        </test-method> <!-- checkEmailError -->
        <test-method signature="checkEmailError(java.lang.String)[pri:2, instance:tests.RegisterPageTest@c8c12ac]" started-at="2017-11-15T12:34:22Z" name="checkEmailError" data-provider="invalidEmails" finished-at="2017-11-15T12:34:22Z" duration-ms="366" status="PASS">
          <params>
            <param index="0">
              <value>
                <![CDATA[email.@domain.com]]>
              </value>
            </param>
          </params>
          <reporter-output>
          </reporter-output>
        </test-method> <!-- checkEmailError -->
        <test-method signature="checkEmailError(java.lang.String)[pri:2, instance:tests.RegisterPageTest@c8c12ac]" started-at="2017-11-15T12:34:22Z" name="checkEmailError" data-provider="invalidEmails" finished-at="2017-11-15T12:34:22Z" duration-ms="486" status="PASS">
          <params>
            <param index="0">
              <value>
                <![CDATA[email..email@domain.com]]>
              </value>
            </param>
          </params>
          <reporter-output>
          </reporter-output>
        </test-method> <!-- checkEmailError -->
        <test-method signature="checkEmailError(java.lang.String)[pri:2, instance:tests.RegisterPageTest@c8c12ac]" started-at="2017-11-15T12:34:22Z" name="checkEmailError" data-provider="invalidEmails" finished-at="2017-11-15T12:34:35Z" duration-ms="12891" status="FAIL">
          <params>
            <param index="0">
              <value>
                <![CDATA[あいうえお@domain.com]]>
              </value>
            </param>
          </params>
          <exception class="org.openqa.selenium.TimeoutException">
            <message>
              <![CDATA[Expected condition failed: waiting for visibility of [[ChromeDriver: chrome on XP (6e07f1ce14c47bfc5f04131b37018888)] -> xpath: //*[@id='registerForm']/div[2]/div[1]/div[1]/div[4]/div/span[3]] (tried for 10 second(s) with 500 MILLISECONDS interval)
Build info: version: '3.7.1', revision: '8a0099a', time: '2017-11-06T21:01:39.354Z'
System info: host: 'SHUSHIK', ip: '192.168.0.8', os.name: 'Windows 10', os.arch: 'amd64', os.version: '10.0', java.version: '9.0.1'
Driver info: org.openqa.selenium.chrome.ChromeDriver
Capabilities {acceptSslCerts: true, applicationCacheEnabled: false, browserConnectionEnabled: false, browserName: chrome, chrome: {chromedriverVersion: 2.29.461591 (62ebf098771772..., userDataDir: C:\Users\ALEXAN~1\AppData\L...}, cssSelectorsEnabled: true, databaseEnabled: false, handlesAlerts: true, hasTouchScreen: false, javascriptEnabled: true, locationContextEnabled: true, mobileEmulationEnabled: false, nativeEvents: true, networkConnectionEnabled: false, pageLoadStrategy: normal, platform: XP, platformName: XP, rotatable: false, takesHeapSnapshot: true, takesScreenshot: true, unexpectedAlertBehaviour: , unhandledPromptBehavior: , version: 62.0.3202.94, webStorageEnabled: true}
Session ID: 6e07f1ce14c47bfc5f04131b37018888]]>
            </message>
            <full-stacktrace>
              <![CDATA[org.openqa.selenium.TimeoutException: Expected condition failed: waiting for visibility of [[ChromeDriver: chrome on XP (6e07f1ce14c47bfc5f04131b37018888)] -> xpath: //*[@id='registerForm']/div[2]/div[1]/div[1]/div[4]/div/span[3]] (tried for 10 second(s) with 500 MILLISECONDS interval)
Build info: version: '3.7.1', revision: '8a0099a', time: '2017-11-06T21:01:39.354Z'
System info: host: 'SHUSHIK', ip: '192.168.0.8', os.name: 'Windows 10', os.arch: 'amd64', os.version: '10.0', java.version: '9.0.1'
Driver info: org.openqa.selenium.chrome.ChromeDriver
Capabilities {acceptSslCerts: true, applicationCacheEnabled: false, browserConnectionEnabled: false, browserName: chrome, chrome: {chromedriverVersion: 2.29.461591 (62ebf098771772..., userDataDir: C:\Users\ALEXAN~1\AppData\L...}, cssSelectorsEnabled: true, databaseEnabled: false, handlesAlerts: true, hasTouchScreen: false, javascriptEnabled: true, locationContextEnabled: true, mobileEmulationEnabled: false, nativeEvents: true, networkConnectionEnabled: false, pageLoadStrategy: normal, platform: XP, platformName: XP, rotatable: false, takesHeapSnapshot: true, takesScreenshot: true, unexpectedAlertBehaviour: , unhandledPromptBehavior: , version: 62.0.3202.94, webStorageEnabled: true}
Session ID: 6e07f1ce14c47bfc5f04131b37018888
	at org.openqa.selenium.support.ui.WebDriverWait.timeoutException(WebDriverWait.java:82)
	at org.openqa.selenium.support.ui.FluentWait.until(FluentWait.java:231)
	at pages.RegisterPage.getEmailError(RegisterPage.java:80)
	at tests.RegisterPageTest.checkEmailError(RegisterPageTest.java:104)
	at java.base/jdk.internal.reflect.NativeMethodAccessorImpl.invoke0(Native Method)
	at java.base/jdk.internal.reflect.NativeMethodAccessorImpl.invoke(NativeMethodAccessorImpl.java:62)
	at java.base/jdk.internal.reflect.DelegatingMethodAccessorImpl.invoke(DelegatingMethodAccessorImpl.java:43)
	at java.base/java.lang.reflect.Method.invoke(Method.java:564)
	at org.testng.internal.MethodInvocationHelper.invokeMethod(MethodInvocationHelper.java:104)
	at org.testng.internal.Invoker.invokeMethod(Invoker.java:645)
	at org.testng.internal.Invoker.invokeTestMethod(Invoker.java:851)
	at org.testng.internal.Invoker.invokeTestMethods(Invoker.java:1177)
	at org.testng.internal.TestMethodWorker.invokeTestMethods(TestMethodWorker.java:129)
	at org.testng.internal.TestMethodWorker.run(TestMethodWorker.java:112)
	at org.testng.TestRunner.privateRun(TestRunner.java:756)
	at org.testng.TestRunner.run(TestRunner.java:610)
	at org.testng.SuiteRunner.runTest(SuiteRunner.java:387)
	at org.testng.SuiteRunner.runSequentially(SuiteRunner.java:382)
	at org.testng.SuiteRunner.privateRun(SuiteRunner.java:340)
	at org.testng.SuiteRunner.run(SuiteRunner.java:289)
	at org.testng.SuiteRunnerWorker.runSuite(SuiteRunnerWorker.java:52)
	at org.testng.SuiteRunnerWorker.run(SuiteRunnerWorker.java:86)
	at org.testng.TestNG.runSuitesSequentially(TestNG.java:1293)
	at org.testng.TestNG.runSuitesLocally(TestNG.java:1218)
	at org.testng.TestNG.runSuites(TestNG.java:1133)
	at org.testng.TestNG.run(TestNG.java:1104)
	at org.testng.IDEARemoteTestNG.run(IDEARemoteTestNG.java:72)
	at org.testng.RemoteTestNGStarter.main(RemoteTestNGStarter.java:123)
]]>
            </full-stacktrace>
          </exception> <!-- org.openqa.selenium.TimeoutException -->
          <reporter-output>
          </reporter-output>
        </test-method> <!-- checkEmailError -->
        <test-method signature="checkEmailError(java.lang.String)[pri:2, instance:tests.RegisterPageTest@c8c12ac]" started-at="2017-11-15T12:34:35Z" name="checkEmailError" data-provider="invalidEmails" finished-at="2017-11-15T12:34:36Z" duration-ms="648" status="PASS">
          <params>
            <param index="0">
              <value>
                <![CDATA[email@domain.com (Joe Smith)]]>
              </value>
            </param>
          </params>
          <reporter-output>
          </reporter-output>
        </test-method> <!-- checkEmailError -->
        <test-method signature="checkEmailError(java.lang.String)[pri:2, instance:tests.RegisterPageTest@c8c12ac]" started-at="2017-11-15T12:34:36Z" name="checkEmailError" data-provider="invalidEmails" finished-at="2017-11-15T12:34:36Z" duration-ms="366" status="PASS">
          <params>
            <param index="0">
              <value>
                <![CDATA[email@domain]]>
              </value>
            </param>
          </params>
          <reporter-output>
          </reporter-output>
        </test-method> <!-- checkEmailError -->
        <test-method signature="checkEmailError(java.lang.String)[pri:2, instance:tests.RegisterPageTest@c8c12ac]" started-at="2017-11-15T12:34:36Z" name="checkEmailError" data-provider="invalidEmails" finished-at="2017-11-15T12:34:47Z" duration-ms="10706" status="FAIL">
          <params>
            <param index="0">
              <value>
                <![CDATA[email@-domain.com]]>
              </value>
            </param>
          </params>
          <exception class="org.openqa.selenium.TimeoutException">
            <message>
              <![CDATA[Expected condition failed: waiting for visibility of [[ChromeDriver: chrome on XP (6e07f1ce14c47bfc5f04131b37018888)] -> xpath: //*[@id='registerForm']/div[2]/div[1]/div[1]/div[4]/div/span[3]] (tried for 10 second(s) with 500 MILLISECONDS interval)
Build info: version: '3.7.1', revision: '8a0099a', time: '2017-11-06T21:01:39.354Z'
System info: host: 'SHUSHIK', ip: '192.168.0.8', os.name: 'Windows 10', os.arch: 'amd64', os.version: '10.0', java.version: '9.0.1'
Driver info: org.openqa.selenium.chrome.ChromeDriver
Capabilities {acceptSslCerts: true, applicationCacheEnabled: false, browserConnectionEnabled: false, browserName: chrome, chrome: {chromedriverVersion: 2.29.461591 (62ebf098771772..., userDataDir: C:\Users\ALEXAN~1\AppData\L...}, cssSelectorsEnabled: true, databaseEnabled: false, handlesAlerts: true, hasTouchScreen: false, javascriptEnabled: true, locationContextEnabled: true, mobileEmulationEnabled: false, nativeEvents: true, networkConnectionEnabled: false, pageLoadStrategy: normal, platform: XP, platformName: XP, rotatable: false, takesHeapSnapshot: true, takesScreenshot: true, unexpectedAlertBehaviour: , unhandledPromptBehavior: , version: 62.0.3202.94, webStorageEnabled: true}
Session ID: 6e07f1ce14c47bfc5f04131b37018888]]>
            </message>
            <full-stacktrace>
              <![CDATA[org.openqa.selenium.TimeoutException: Expected condition failed: waiting for visibility of [[ChromeDriver: chrome on XP (6e07f1ce14c47bfc5f04131b37018888)] -> xpath: //*[@id='registerForm']/div[2]/div[1]/div[1]/div[4]/div/span[3]] (tried for 10 second(s) with 500 MILLISECONDS interval)
Build info: version: '3.7.1', revision: '8a0099a', time: '2017-11-06T21:01:39.354Z'
System info: host: 'SHUSHIK', ip: '192.168.0.8', os.name: 'Windows 10', os.arch: 'amd64', os.version: '10.0', java.version: '9.0.1'
Driver info: org.openqa.selenium.chrome.ChromeDriver
Capabilities {acceptSslCerts: true, applicationCacheEnabled: false, browserConnectionEnabled: false, browserName: chrome, chrome: {chromedriverVersion: 2.29.461591 (62ebf098771772..., userDataDir: C:\Users\ALEXAN~1\AppData\L...}, cssSelectorsEnabled: true, databaseEnabled: false, handlesAlerts: true, hasTouchScreen: false, javascriptEnabled: true, locationContextEnabled: true, mobileEmulationEnabled: false, nativeEvents: true, networkConnectionEnabled: false, pageLoadStrategy: normal, platform: XP, platformName: XP, rotatable: false, takesHeapSnapshot: true, takesScreenshot: true, unexpectedAlertBehaviour: , unhandledPromptBehavior: , version: 62.0.3202.94, webStorageEnabled: true}
Session ID: 6e07f1ce14c47bfc5f04131b37018888
	at org.openqa.selenium.support.ui.WebDriverWait.timeoutException(WebDriverWait.java:82)
	at org.openqa.selenium.support.ui.FluentWait.until(FluentWait.java:231)
	at pages.RegisterPage.getEmailError(RegisterPage.java:80)
	at tests.RegisterPageTest.checkEmailError(RegisterPageTest.java:104)
	at java.base/jdk.internal.reflect.NativeMethodAccessorImpl.invoke0(Native Method)
	at java.base/jdk.internal.reflect.NativeMethodAccessorImpl.invoke(NativeMethodAccessorImpl.java:62)
	at java.base/jdk.internal.reflect.DelegatingMethodAccessorImpl.invoke(DelegatingMethodAccessorImpl.java:43)
	at java.base/java.lang.reflect.Method.invoke(Method.java:564)
	at org.testng.internal.MethodInvocationHelper.invokeMethod(MethodInvocationHelper.java:104)
	at org.testng.internal.Invoker.invokeMethod(Invoker.java:645)
	at org.testng.internal.Invoker.invokeTestMethod(Invoker.java:851)
	at org.testng.internal.Invoker.invokeTestMethods(Invoker.java:1177)
	at org.testng.internal.TestMethodWorker.invokeTestMethods(TestMethodWorker.java:129)
	at org.testng.internal.TestMethodWorker.run(TestMethodWorker.java:112)
	at org.testng.TestRunner.privateRun(TestRunner.java:756)
	at org.testng.TestRunner.run(TestRunner.java:610)
	at org.testng.SuiteRunner.runTest(SuiteRunner.java:387)
	at org.testng.SuiteRunner.runSequentially(SuiteRunner.java:382)
	at org.testng.SuiteRunner.privateRun(SuiteRunner.java:340)
	at org.testng.SuiteRunner.run(SuiteRunner.java:289)
	at org.testng.SuiteRunnerWorker.runSuite(SuiteRunnerWorker.java:52)
	at org.testng.SuiteRunnerWorker.run(SuiteRunnerWorker.java:86)
	at org.testng.TestNG.runSuitesSequentially(TestNG.java:1293)
	at org.testng.TestNG.runSuitesLocally(TestNG.java:1218)
	at org.testng.TestNG.runSuites(TestNG.java:1133)
	at org.testng.TestNG.run(TestNG.java:1104)
	at org.testng.IDEARemoteTestNG.run(IDEARemoteTestNG.java:72)
	at org.testng.RemoteTestNGStarter.main(RemoteTestNGStarter.java:123)
]]>
            </full-stacktrace>
          </exception> <!-- org.openqa.selenium.TimeoutException -->
          <reporter-output>
          </reporter-output>
        </test-method> <!-- checkEmailError -->
        <test-method signature="checkEmailError(java.lang.String)[pri:2, instance:tests.RegisterPageTest@c8c12ac]" started-at="2017-11-15T12:34:47Z" name="checkEmailError" data-provider="invalidEmails" finished-at="2017-11-15T12:34:58Z" duration-ms="10952" status="FAIL">
          <params>
            <param index="0">
              <value>
                <![CDATA[email@domain.web]]>
              </value>
            </param>
          </params>
          <exception class="org.openqa.selenium.TimeoutException">
            <message>
              <![CDATA[Expected condition failed: waiting for visibility of [[ChromeDriver: chrome on XP (6e07f1ce14c47bfc5f04131b37018888)] -> xpath: //*[@id='registerForm']/div[2]/div[1]/div[1]/div[4]/div/span[3]] (tried for 10 second(s) with 500 MILLISECONDS interval)
Build info: version: '3.7.1', revision: '8a0099a', time: '2017-11-06T21:01:39.354Z'
System info: host: 'SHUSHIK', ip: '192.168.0.8', os.name: 'Windows 10', os.arch: 'amd64', os.version: '10.0', java.version: '9.0.1'
Driver info: org.openqa.selenium.chrome.ChromeDriver
Capabilities {acceptSslCerts: true, applicationCacheEnabled: false, browserConnectionEnabled: false, browserName: chrome, chrome: {chromedriverVersion: 2.29.461591 (62ebf098771772..., userDataDir: C:\Users\ALEXAN~1\AppData\L...}, cssSelectorsEnabled: true, databaseEnabled: false, handlesAlerts: true, hasTouchScreen: false, javascriptEnabled: true, locationContextEnabled: true, mobileEmulationEnabled: false, nativeEvents: true, networkConnectionEnabled: false, pageLoadStrategy: normal, platform: XP, platformName: XP, rotatable: false, takesHeapSnapshot: true, takesScreenshot: true, unexpectedAlertBehaviour: , unhandledPromptBehavior: , version: 62.0.3202.94, webStorageEnabled: true}
Session ID: 6e07f1ce14c47bfc5f04131b37018888]]>
            </message>
            <full-stacktrace>
              <![CDATA[org.openqa.selenium.TimeoutException: Expected condition failed: waiting for visibility of [[ChromeDriver: chrome on XP (6e07f1ce14c47bfc5f04131b37018888)] -> xpath: //*[@id='registerForm']/div[2]/div[1]/div[1]/div[4]/div/span[3]] (tried for 10 second(s) with 500 MILLISECONDS interval)
Build info: version: '3.7.1', revision: '8a0099a', time: '2017-11-06T21:01:39.354Z'
System info: host: 'SHUSHIK', ip: '192.168.0.8', os.name: 'Windows 10', os.arch: 'amd64', os.version: '10.0', java.version: '9.0.1'
Driver info: org.openqa.selenium.chrome.ChromeDriver
Capabilities {acceptSslCerts: true, applicationCacheEnabled: false, browserConnectionEnabled: false, browserName: chrome, chrome: {chromedriverVersion: 2.29.461591 (62ebf098771772..., userDataDir: C:\Users\ALEXAN~1\AppData\L...}, cssSelectorsEnabled: true, databaseEnabled: false, handlesAlerts: true, hasTouchScreen: false, javascriptEnabled: true, locationContextEnabled: true, mobileEmulationEnabled: false, nativeEvents: true, networkConnectionEnabled: false, pageLoadStrategy: normal, platform: XP, platformName: XP, rotatable: false, takesHeapSnapshot: true, takesScreenshot: true, unexpectedAlertBehaviour: , unhandledPromptBehavior: , version: 62.0.3202.94, webStorageEnabled: true}
Session ID: 6e07f1ce14c47bfc5f04131b37018888
	at org.openqa.selenium.support.ui.WebDriverWait.timeoutException(WebDriverWait.java:82)
	at org.openqa.selenium.support.ui.FluentWait.until(FluentWait.java:231)
	at pages.RegisterPage.getEmailError(RegisterPage.java:80)
	at tests.RegisterPageTest.checkEmailError(RegisterPageTest.java:104)
	at java.base/jdk.internal.reflect.NativeMethodAccessorImpl.invoke0(Native Method)
	at java.base/jdk.internal.reflect.NativeMethodAccessorImpl.invoke(NativeMethodAccessorImpl.java:62)
	at java.base/jdk.internal.reflect.DelegatingMethodAccessorImpl.invoke(DelegatingMethodAccessorImpl.java:43)
	at java.base/java.lang.reflect.Method.invoke(Method.java:564)
	at org.testng.internal.MethodInvocationHelper.invokeMethod(MethodInvocationHelper.java:104)
	at org.testng.internal.Invoker.invokeMethod(Invoker.java:645)
	at org.testng.internal.Invoker.invokeTestMethod(Invoker.java:851)
	at org.testng.internal.Invoker.invokeTestMethods(Invoker.java:1177)
	at org.testng.internal.TestMethodWorker.invokeTestMethods(TestMethodWorker.java:129)
	at org.testng.internal.TestMethodWorker.run(TestMethodWorker.java:112)
	at org.testng.TestRunner.privateRun(TestRunner.java:756)
	at org.testng.TestRunner.run(TestRunner.java:610)
	at org.testng.SuiteRunner.runTest(SuiteRunner.java:387)
	at org.testng.SuiteRunner.runSequentially(SuiteRunner.java:382)
	at org.testng.SuiteRunner.privateRun(SuiteRunner.java:340)
	at org.testng.SuiteRunner.run(SuiteRunner.java:289)
	at org.testng.SuiteRunnerWorker.runSuite(SuiteRunnerWorker.java:52)
	at org.testng.SuiteRunnerWorker.run(SuiteRunnerWorker.java:86)
	at org.testng.TestNG.runSuitesSequentially(TestNG.java:1293)
	at org.testng.TestNG.runSuitesLocally(TestNG.java:1218)
	at org.testng.TestNG.runSuites(TestNG.java:1133)
	at org.testng.TestNG.run(TestNG.java:1104)
	at org.testng.IDEARemoteTestNG.run(IDEARemoteTestNG.java:72)
	at org.testng.RemoteTestNGStarter.main(RemoteTestNGStarter.java:123)
]]>
            </full-stacktrace>
          </exception> <!-- org.openqa.selenium.TimeoutException -->
          <reporter-output>
          </reporter-output>
        </test-method> <!-- checkEmailError -->
        <test-method signature="checkEmailError(java.lang.String)[pri:2, instance:tests.RegisterPageTest@c8c12ac]" started-at="2017-11-15T12:34:58Z" name="checkEmailError" data-provider="invalidEmails" finished-at="2017-11-15T12:34:59Z" duration-ms="510" status="PASS">
          <params>
            <param index="0">
              <value>
                <![CDATA[email@111.222.333.44444]]>
              </value>
            </param>
          </params>
          <reporter-output>
          </reporter-output>
        </test-method> <!-- checkEmailError -->
        <test-method signature="checkEmailError(java.lang.String)[pri:2, instance:tests.RegisterPageTest@c8c12ac]" started-at="2017-11-15T12:34:59Z" name="checkEmailError" data-provider="invalidEmails" finished-at="2017-11-15T12:34:59Z" duration-ms="391" status="PASS">
          <params>
            <param index="0">
              <value>
                <![CDATA[email@domain..com]]>
              </value>
            </param>
          </params>
          <reporter-output>
          </reporter-output>
        </test-method> <!-- checkEmailError -->
        <test-method signature="registerNewUser()[pri:3, instance:tests.RegisterPageTest@c8c12ac]" started-at="2017-11-15T12:34:59Z" name="registerNewUser" finished-at="2017-11-15T12:36:05Z" duration-ms="66208" status="FAIL">
          <exception class="org.openqa.selenium.TimeoutException">
            <message>
              <![CDATA[Expected condition failed: waiting for visibility of Proxy element for: DefaultElementLocator 'By.name: email' (tried for 10 second(s) with 500 MILLISECONDS interval)]]>
            </message>
            <full-stacktrace>
              <![CDATA[org.openqa.selenium.TimeoutException: Expected condition failed: waiting for visibility of Proxy element for: DefaultElementLocator 'By.name: email' (tried for 10 second(s) with 500 MILLISECONDS interval)
	at org.openqa.selenium.support.ui.WebDriverWait.timeoutException(WebDriverWait.java:82)
	at org.openqa.selenium.support.ui.FluentWait.until(FluentWait.java:231)
	at pages.LoginPage.enterUsername(LoginPage.java:47)
	at pages.LoginPage.submitLogin(LoginPage.java:68)
	at tests.RegisterPageTest.registerNewUser(RegisterPageTest.java:126)
	at java.base/jdk.internal.reflect.NativeMethodAccessorImpl.invoke0(Native Method)
	at java.base/jdk.internal.reflect.NativeMethodAccessorImpl.invoke(NativeMethodAccessorImpl.java:62)
	at java.base/jdk.internal.reflect.DelegatingMethodAccessorImpl.invoke(DelegatingMethodAccessorImpl.java:43)
	at java.base/java.lang.reflect.Method.invoke(Method.java:564)
	at org.testng.internal.MethodInvocationHelper.invokeMethod(MethodInvocationHelper.java:104)
	at org.testng.internal.Invoker.invokeMethod(Invoker.java:645)
	at org.testng.internal.Invoker.invokeTestMethod(Invoker.java:851)
	at org.testng.internal.Invoker.invokeTestMethods(Invoker.java:1177)
	at org.testng.internal.TestMethodWorker.invokeTestMethods(TestMethodWorker.java:129)
	at org.testng.internal.TestMethodWorker.run(TestMethodWorker.java:112)
	at org.testng.TestRunner.privateRun(TestRunner.java:756)
	at org.testng.TestRunner.run(TestRunner.java:610)
	at org.testng.SuiteRunner.runTest(SuiteRunner.java:387)
	at org.testng.SuiteRunner.runSequentially(SuiteRunner.java:382)
	at org.testng.SuiteRunner.privateRun(SuiteRunner.java:340)
	at org.testng.SuiteRunner.run(SuiteRunner.java:289)
	at org.testng.SuiteRunnerWorker.runSuite(SuiteRunnerWorker.java:52)
	at org.testng.SuiteRunnerWorker.run(SuiteRunnerWorker.java:86)
	at org.testng.TestNG.runSuitesSequentially(TestNG.java:1293)
	at org.testng.TestNG.runSuitesLocally(TestNG.java:1218)
	at org.testng.TestNG.runSuites(TestNG.java:1133)
	at org.testng.TestNG.run(TestNG.java:1104)
	at org.testng.IDEARemoteTestNG.run(IDEARemoteTestNG.java:72)
	at org.testng.RemoteTestNGStarter.main(RemoteTestNGStarter.java:123)
Caused by: org.openqa.selenium.NoSuchElementException: no such element: Unable to locate element: {"method":"name","selector":"email"}
  (Session info: chrome=62.0.3202.94)
  (Driver info: chromedriver=2.29.461591 (62ebf098771772160f391d75e589dc567915b233),platform=Windows NT 10.0.15063 x86_64) (WARNING: The server did not provide any stacktrace information)
Command duration or timeout: 0 milliseconds
For documentation on this error, please visit: http://seleniumhq.org/exceptions/no_such_element.html
Build info: version: '3.7.1', revision: '8a0099a', time: '2017-11-06T21:01:39.354Z'
System info: host: 'SHUSHIK', ip: '192.168.0.8', os.name: 'Windows 10', os.arch: 'amd64', os.version: '10.0', java.version: '9.0.1'
Driver info: org.openqa.selenium.chrome.ChromeDriver
Capabilities {acceptSslCerts: true, applicationCacheEnabled: false, browserConnectionEnabled: false, browserName: chrome, chrome: {chromedriverVersion: 2.29.461591 (62ebf098771772..., userDataDir: C:\Users\ALEXAN~1\AppData\L...}, cssSelectorsEnabled: true, databaseEnabled: false, handlesAlerts: true, hasTouchScreen: false, javascriptEnabled: true, locationContextEnabled: true, mobileEmulationEnabled: false, nativeEvents: true, networkConnectionEnabled: false, pageLoadStrategy: normal, platform: XP, platformName: XP, rotatable: false, takesHeapSnapshot: true, takesScreenshot: true, unexpectedAlertBehaviour: , unhandledPromptBehavior: , version: 62.0.3202.94, webStorageEnabled: true}
Session ID: 6e07f1ce14c47bfc5f04131b37018888
*** Element info: {Using=name, value=email}
	at java.base/jdk.internal.reflect.NativeConstructorAccessorImpl.newInstance0(Native Method)
	at java.base/jdk.internal.reflect.NativeConstructorAccessorImpl.newInstance(NativeConstructorAccessorImpl.java:62)
	at java.base/jdk.internal.reflect.DelegatingConstructorAccessorImpl.newInstance(DelegatingConstructorAccessorImpl.java:45)
	at java.base/java.lang.reflect.Constructor.newInstance(Constructor.java:488)
	at org.openqa.selenium.remote.ErrorHandler.createThrowable(ErrorHandler.java:214)
	at org.openqa.selenium.remote.ErrorHandler.throwIfResponseFailed(ErrorHandler.java:166)
	at org.openqa.selenium.remote.http.JsonHttpResponseCodec.reconstructValue(JsonHttpResponseCodec.java:40)
	at org.openqa.selenium.remote.http.AbstractHttpResponseCodec.decode(AbstractHttpResponseCodec.java:80)
	at org.openqa.selenium.remote.http.AbstractHttpResponseCodec.decode(AbstractHttpResponseCodec.java:44)
	at org.openqa.selenium.remote.HttpCommandExecutor.execute(HttpCommandExecutor.java:164)
	at org.openqa.selenium.remote.service.DriverCommandExecutor.execute(DriverCommandExecutor.java:83)
	at org.openqa.selenium.remote.RemoteWebDriver.execute(RemoteWebDriver.java:600)
	at org.openqa.selenium.remote.RemoteWebDriver.findElement(RemoteWebDriver.java:370)
	at org.openqa.selenium.remote.RemoteWebDriver.findElementByName(RemoteWebDriver.java:448)
	at org.openqa.selenium.By$ByName.findElement(By.java:303)
	at org.openqa.selenium.remote.RemoteWebDriver.findElement(RemoteWebDriver.java:362)
	at org.openqa.selenium.support.pagefactory.DefaultElementLocator.findElement(DefaultElementLocator.java:69)
	at org.openqa.selenium.support.pagefactory.internal.LocatingElementHandler.invoke(LocatingElementHandler.java:38)
	at com.sun.proxy.$Proxy13.isDisplayed(Unknown Source)
	at org.openqa.selenium.support.ui.ExpectedConditions.elementIfVisible(ExpectedConditions.java:301)
	at org.openqa.selenium.support.ui.ExpectedConditions.access$100(ExpectedConditions.java:43)
	at org.openqa.selenium.support.ui.ExpectedConditions$10.apply(ExpectedConditions.java:287)
	at org.openqa.selenium.support.ui.ExpectedConditions$10.apply(ExpectedConditions.java:284)
	at org.openqa.selenium.support.ui.FluentWait.until(FluentWait.java:208)
	... 27 more
]]>
            </full-stacktrace>
          </exception> <!-- org.openqa.selenium.TimeoutException -->
          <reporter-output>
          </reporter-output>
        </test-method> <!-- registerNewUser -->
        <test-method signature="checkEmailWelcomeMessage()[pri:4, instance:tests.RegisterPageTest@c8c12ac]" started-at="2017-11-15T12:36:05Z" name="checkEmailWelcomeMessage" finished-at="2017-11-15T12:37:05Z" duration-ms="60099" status="FAIL">
          <exception class="org.openqa.selenium.TimeoutException">
            <message>
              <![CDATA[Expected condition failed: waiting for visibility of Proxy element for: DefaultElementLocator 'By.xpath: //*[@id='body']//span[2]' (tried for 5 second(s) with 500 MILLISECONDS interval)]]>
            </message>
            <full-stacktrace>
              <![CDATA[org.openqa.selenium.TimeoutException: Expected condition failed: waiting for visibility of Proxy element for: DefaultElementLocator 'By.xpath: //*[@id='body']//span[2]' (tried for 5 second(s) with 500 MILLISECONDS interval)
	at org.openqa.selenium.support.ui.WebDriverWait.timeoutException(WebDriverWait.java:82)
	at org.openqa.selenium.support.ui.FluentWait.until(FluentWait.java:231)
	at data.NadaPage.getWelcomeMessage(NadaPage.java:57)
	at tests.RegisterPageTest.checkEmailWelcomeMessage(RegisterPageTest.java:142)
	at java.base/jdk.internal.reflect.NativeMethodAccessorImpl.invoke0(Native Method)
	at java.base/jdk.internal.reflect.NativeMethodAccessorImpl.invoke(NativeMethodAccessorImpl.java:62)
	at java.base/jdk.internal.reflect.DelegatingMethodAccessorImpl.invoke(DelegatingMethodAccessorImpl.java:43)
	at java.base/java.lang.reflect.Method.invoke(Method.java:564)
	at org.testng.internal.MethodInvocationHelper.invokeMethod(MethodInvocationHelper.java:104)
	at org.testng.internal.Invoker.invokeMethod(Invoker.java:645)
	at org.testng.internal.Invoker.invokeTestMethod(Invoker.java:851)
	at org.testng.internal.Invoker.invokeTestMethods(Invoker.java:1177)
	at org.testng.internal.TestMethodWorker.invokeTestMethods(TestMethodWorker.java:129)
	at org.testng.internal.TestMethodWorker.run(TestMethodWorker.java:112)
	at org.testng.TestRunner.privateRun(TestRunner.java:756)
	at org.testng.TestRunner.run(TestRunner.java:610)
	at org.testng.SuiteRunner.runTest(SuiteRunner.java:387)
	at org.testng.SuiteRunner.runSequentially(SuiteRunner.java:382)
	at org.testng.SuiteRunner.privateRun(SuiteRunner.java:340)
	at org.testng.SuiteRunner.run(SuiteRunner.java:289)
	at org.testng.SuiteRunnerWorker.runSuite(SuiteRunnerWorker.java:52)
	at org.testng.SuiteRunnerWorker.run(SuiteRunnerWorker.java:86)
	at org.testng.TestNG.runSuitesSequentially(TestNG.java:1293)
	at org.testng.TestNG.runSuitesLocally(TestNG.java:1218)
	at org.testng.TestNG.runSuites(TestNG.java:1133)
	at org.testng.TestNG.run(TestNG.java:1104)
	at org.testng.IDEARemoteTestNG.run(IDEARemoteTestNG.java:72)
	at org.testng.RemoteTestNGStarter.main(RemoteTestNGStarter.java:123)
Caused by: org.openqa.selenium.NoSuchElementException: no such element: Unable to locate element: {"method":"xpath","selector":"//*[@id='body']//span[2]"}
  (Session info: chrome=62.0.3202.94)
  (Driver info: chromedriver=2.29.461591 (62ebf098771772160f391d75e589dc567915b233),platform=Windows NT 10.0.15063 x86_64) (WARNING: The server did not provide any stacktrace information)
Command duration or timeout: 0 milliseconds
For documentation on this error, please visit: http://seleniumhq.org/exceptions/no_such_element.html
Build info: version: '3.7.1', revision: '8a0099a', time: '2017-11-06T21:01:39.354Z'
System info: host: 'SHUSHIK', ip: '192.168.0.8', os.name: 'Windows 10', os.arch: 'amd64', os.version: '10.0', java.version: '9.0.1'
Driver info: org.openqa.selenium.chrome.ChromeDriver
Capabilities {acceptSslCerts: true, applicationCacheEnabled: false, browserConnectionEnabled: false, browserName: chrome, chrome: {chromedriverVersion: 2.29.461591 (62ebf098771772..., userDataDir: C:\Users\ALEXAN~1\AppData\L...}, cssSelectorsEnabled: true, databaseEnabled: false, handlesAlerts: true, hasTouchScreen: false, javascriptEnabled: true, locationContextEnabled: true, mobileEmulationEnabled: false, nativeEvents: true, networkConnectionEnabled: false, pageLoadStrategy: normal, platform: XP, platformName: XP, rotatable: false, takesHeapSnapshot: true, takesScreenshot: true, unexpectedAlertBehaviour: , unhandledPromptBehavior: , version: 62.0.3202.94, webStorageEnabled: true}
Session ID: 6e07f1ce14c47bfc5f04131b37018888
*** Element info: {Using=xpath, value=//*[@id='body']//span[2]}
	at java.base/jdk.internal.reflect.NativeConstructorAccessorImpl.newInstance0(Native Method)
	at java.base/jdk.internal.reflect.NativeConstructorAccessorImpl.newInstance(NativeConstructorAccessorImpl.java:62)
	at java.base/jdk.internal.reflect.DelegatingConstructorAccessorImpl.newInstance(DelegatingConstructorAccessorImpl.java:45)
	at java.base/java.lang.reflect.Constructor.newInstance(Constructor.java:488)
	at org.openqa.selenium.remote.ErrorHandler.createThrowable(ErrorHandler.java:214)
	at org.openqa.selenium.remote.ErrorHandler.throwIfResponseFailed(ErrorHandler.java:166)
	at org.openqa.selenium.remote.http.JsonHttpResponseCodec.reconstructValue(JsonHttpResponseCodec.java:40)
	at org.openqa.selenium.remote.http.AbstractHttpResponseCodec.decode(AbstractHttpResponseCodec.java:80)
	at org.openqa.selenium.remote.http.AbstractHttpResponseCodec.decode(AbstractHttpResponseCodec.java:44)
	at org.openqa.selenium.remote.HttpCommandExecutor.execute(HttpCommandExecutor.java:164)
	at org.openqa.selenium.remote.service.DriverCommandExecutor.execute(DriverCommandExecutor.java:83)
	at org.openqa.selenium.remote.RemoteWebDriver.execute(RemoteWebDriver.java:600)
	at org.openqa.selenium.remote.RemoteWebDriver.findElement(RemoteWebDriver.java:370)
	at org.openqa.selenium.remote.RemoteWebDriver.findElementByXPath(RemoteWebDriver.java:472)
	at org.openqa.selenium.By$ByXPath.findElement(By.java:361)
	at org.openqa.selenium.remote.RemoteWebDriver.findElement(RemoteWebDriver.java:362)
	at org.openqa.selenium.support.pagefactory.DefaultElementLocator.findElement(DefaultElementLocator.java:69)
	at org.openqa.selenium.support.pagefactory.internal.LocatingElementHandler.invoke(LocatingElementHandler.java:38)
	at com.sun.proxy.$Proxy13.isDisplayed(Unknown Source)
	at org.openqa.selenium.support.ui.ExpectedConditions.elementIfVisible(ExpectedConditions.java:301)
	at org.openqa.selenium.support.ui.ExpectedConditions.access$100(ExpectedConditions.java:43)
	at org.openqa.selenium.support.ui.ExpectedConditions$10.apply(ExpectedConditions.java:287)
	at org.openqa.selenium.support.ui.ExpectedConditions$10.apply(ExpectedConditions.java:284)
	at org.openqa.selenium.support.ui.FluentWait.until(FluentWait.java:208)
	... 26 more
]]>
            </full-stacktrace>
          </exception> <!-- org.openqa.selenium.TimeoutException -->
          <reporter-output>
          </reporter-output>
        </test-method> <!-- checkEmailWelcomeMessage -->
        <test-method signature="assertMyProfile()[pri:5, instance:tests.RegisterPageTest@c8c12ac]" started-at="2017-11-15T12:37:05Z" name="assertMyProfile" finished-at="2017-11-15T12:39:06Z" duration-ms="120214" status="FAIL">
          <exception class="org.openqa.selenium.TimeoutException">
            <message>
              <![CDATA[Expected condition failed: waiting for element to be clickable: Proxy element for: DefaultElementLocator 'By.xpath: //header/nav/div[2]/ul[2]/li[2]' (tried for 10 second(s) with 500 MILLISECONDS interval)]]>
            </message>
            <full-stacktrace>
              <![CDATA[org.openqa.selenium.TimeoutException: Expected condition failed: waiting for element to be clickable: Proxy element for: DefaultElementLocator 'By.xpath: //header/nav/div[2]/ul[2]/li[2]' (tried for 10 second(s) with 500 MILLISECONDS interval)
	at org.openqa.selenium.support.ui.WebDriverWait.timeoutException(WebDriverWait.java:82)
	at org.openqa.selenium.support.ui.FluentWait.until(FluentWait.java:231)
	at menus.HomeMenu.clickUserIcon(HomeMenu.java:39)
	at menus.HomeMenu.myProfileJs(HomeMenu.java:50)
	at tests.RegisterPageTest.assertMyProfile(RegisterPageTest.java:157)
	at java.base/jdk.internal.reflect.NativeMethodAccessorImpl.invoke0(Native Method)
	at java.base/jdk.internal.reflect.NativeMethodAccessorImpl.invoke(NativeMethodAccessorImpl.java:62)
	at java.base/jdk.internal.reflect.DelegatingMethodAccessorImpl.invoke(DelegatingMethodAccessorImpl.java:43)
	at java.base/java.lang.reflect.Method.invoke(Method.java:564)
	at org.testng.internal.MethodInvocationHelper.invokeMethod(MethodInvocationHelper.java:104)
	at org.testng.internal.Invoker.invokeMethod(Invoker.java:645)
	at org.testng.internal.Invoker.invokeTestMethod(Invoker.java:851)
	at org.testng.internal.Invoker.invokeTestMethods(Invoker.java:1177)
	at org.testng.internal.TestMethodWorker.invokeTestMethods(TestMethodWorker.java:129)
	at org.testng.internal.TestMethodWorker.run(TestMethodWorker.java:112)
	at org.testng.TestRunner.privateRun(TestRunner.java:756)
	at org.testng.TestRunner.run(TestRunner.java:610)
	at org.testng.SuiteRunner.runTest(SuiteRunner.java:387)
	at org.testng.SuiteRunner.runSequentially(SuiteRunner.java:382)
	at org.testng.SuiteRunner.privateRun(SuiteRunner.java:340)
	at org.testng.SuiteRunner.run(SuiteRunner.java:289)
	at org.testng.SuiteRunnerWorker.runSuite(SuiteRunnerWorker.java:52)
	at org.testng.SuiteRunnerWorker.run(SuiteRunnerWorker.java:86)
	at org.testng.TestNG.runSuitesSequentially(TestNG.java:1293)
	at org.testng.TestNG.runSuitesLocally(TestNG.java:1218)
	at org.testng.TestNG.runSuites(TestNG.java:1133)
	at org.testng.TestNG.run(TestNG.java:1104)
	at org.testng.IDEARemoteTestNG.run(IDEARemoteTestNG.java:72)
	at org.testng.RemoteTestNGStarter.main(RemoteTestNGStarter.java:123)
Caused by: org.openqa.selenium.NoSuchElementException: no such element: Unable to locate element: {"method":"xpath","selector":"//header/nav/div[2]/ul[2]/li[2]"}
  (Session info: chrome=62.0.3202.94)
  (Driver info: chromedriver=2.29.461591 (62ebf098771772160f391d75e589dc567915b233),platform=Windows NT 10.0.15063 x86_64) (WARNING: The server did not provide any stacktrace information)
Command duration or timeout: 0 milliseconds
For documentation on this error, please visit: http://seleniumhq.org/exceptions/no_such_element.html
Build info: version: '3.7.1', revision: '8a0099a', time: '2017-11-06T21:01:39.354Z'
System info: host: 'SHUSHIK', ip: '192.168.0.8', os.name: 'Windows 10', os.arch: 'amd64', os.version: '10.0', java.version: '9.0.1'
Driver info: org.openqa.selenium.chrome.ChromeDriver
Capabilities {acceptSslCerts: true, applicationCacheEnabled: false, browserConnectionEnabled: false, browserName: chrome, chrome: {chromedriverVersion: 2.29.461591 (62ebf098771772..., userDataDir: C:\Users\ALEXAN~1\AppData\L...}, cssSelectorsEnabled: true, databaseEnabled: false, handlesAlerts: true, hasTouchScreen: false, javascriptEnabled: true, locationContextEnabled: true, mobileEmulationEnabled: false, nativeEvents: true, networkConnectionEnabled: false, pageLoadStrategy: normal, platform: XP, platformName: XP, rotatable: false, takesHeapSnapshot: true, takesScreenshot: true, unexpectedAlertBehaviour: , unhandledPromptBehavior: , version: 62.0.3202.94, webStorageEnabled: true}
Session ID: 6e07f1ce14c47bfc5f04131b37018888
*** Element info: {Using=xpath, value=//header/nav/div[2]/ul[2]/li[2]}
	at java.base/jdk.internal.reflect.NativeConstructorAccessorImpl.newInstance0(Native Method)
	at java.base/jdk.internal.reflect.NativeConstructorAccessorImpl.newInstance(NativeConstructorAccessorImpl.java:62)
	at java.base/jdk.internal.reflect.DelegatingConstructorAccessorImpl.newInstance(DelegatingConstructorAccessorImpl.java:45)
	at java.base/java.lang.reflect.Constructor.newInstance(Constructor.java:488)
	at org.openqa.selenium.remote.ErrorHandler.createThrowable(ErrorHandler.java:214)
	at org.openqa.selenium.remote.ErrorHandler.throwIfResponseFailed(ErrorHandler.java:166)
	at org.openqa.selenium.remote.http.JsonHttpResponseCodec.reconstructValue(JsonHttpResponseCodec.java:40)
	at org.openqa.selenium.remote.http.AbstractHttpResponseCodec.decode(AbstractHttpResponseCodec.java:80)
	at org.openqa.selenium.remote.http.AbstractHttpResponseCodec.decode(AbstractHttpResponseCodec.java:44)
	at org.openqa.selenium.remote.HttpCommandExecutor.execute(HttpCommandExecutor.java:164)
	at org.openqa.selenium.remote.service.DriverCommandExecutor.execute(DriverCommandExecutor.java:83)
	at org.openqa.selenium.remote.RemoteWebDriver.execute(RemoteWebDriver.java:600)
	at org.openqa.selenium.remote.RemoteWebDriver.findElement(RemoteWebDriver.java:370)
	at org.openqa.selenium.remote.RemoteWebDriver.findElementByXPath(RemoteWebDriver.java:472)
	at org.openqa.selenium.By$ByXPath.findElement(By.java:361)
	at org.openqa.selenium.remote.RemoteWebDriver.findElement(RemoteWebDriver.java:362)
	at org.openqa.selenium.support.pagefactory.DefaultElementLocator.findElement(DefaultElementLocator.java:69)
	at org.openqa.selenium.support.pagefactory.internal.LocatingElementHandler.invoke(LocatingElementHandler.java:38)
	at com.sun.proxy.$Proxy13.isDisplayed(Unknown Source)
	at org.openqa.selenium.support.ui.ExpectedConditions.elementIfVisible(ExpectedConditions.java:301)
	at org.openqa.selenium.support.ui.ExpectedConditions.access$100(ExpectedConditions.java:43)
	at org.openqa.selenium.support.ui.ExpectedConditions$10.apply(ExpectedConditions.java:287)
	at org.openqa.selenium.support.ui.ExpectedConditions$10.apply(ExpectedConditions.java:284)
	at org.openqa.selenium.support.ui.ExpectedConditions$23.apply(ExpectedConditions.java:672)
	at org.openqa.selenium.support.ui.ExpectedConditions$23.apply(ExpectedConditions.java:668)
	at org.openqa.selenium.support.ui.FluentWait.until(FluentWait.java:208)
	... 27 more
]]>
            </full-stacktrace>
          </exception> <!-- org.openqa.selenium.TimeoutException -->
          <reporter-output>
          </reporter-output>
        </test-method> <!-- assertMyProfile -->
        <test-method is-config="true" signature="afterTest()[pri:0, instance:tests.RegisterPageTest@c8c12ac]" started-at="2017-11-15T12:39:06Z" name="afterTest" finished-at="2017-11-15T12:39:07Z" duration-ms="998" status="PASS">
          <reporter-output>
          </reporter-output>
        </test-method> <!-- afterTest -->
      </class> <!-- tests.RegisterPageTest -->
    </test> <!-- register -->
    <test started-at="2017-11-15T20:39:07Z" name="new user" finished-at="2017-11-15T20:39:54Z" duration-ms="47714">
      <class name="tests.CategoryPageTest">
        <test-method is-config="true" signature="beforeTest(java.lang.String, java.lang.String)[pri:0, instance:tests.CategoryPageTest@1a482e36]" started-at="2017-11-15T12:39:07Z" name="beforeTest" finished-at="2017-11-15T12:39:28Z" duration-ms="21461" status="PASS">
          <params>
            <param index="0">
              <value>
                <![CDATA[chrome]]>
              </value>
            </param>
            <param index="1">
              <value>
                <![CDATA[http://ec2-52-53-181-39.us-west-1.compute.amazonaws.com]]>
              </value>
            </param>
          </params>
          <reporter-output>
          </reporter-output>
        </test-method> <!-- beforeTest -->
        <test-method is-config="true" signature="beforeClass()[pri:0, instance:tests.CategoryPageTest@1a482e36]" started-at="2017-11-15T12:39:28Z" name="beforeClass" finished-at="2017-11-15T12:39:28Z" duration-ms="11" status="PASS">
          <reporter-output>
          </reporter-output>
        </test-method> <!-- beforeClass -->
        <test-method signature="checkLogo()[pri:0, instance:tests.CategoryPageTest@1a482e36]" started-at="2017-11-15T12:39:28Z" name="checkLogo" finished-at="2017-11-15T12:39:30Z" duration-ms="2131" status="PASS">
          <reporter-output>
          </reporter-output>
        </test-method> <!-- checkLogo -->
        <test-method signature="validLogin()[pri:0, instance:tests.CategoryPageTest@1a482e36]" started-at="2017-11-15T12:39:30Z" name="validLogin" finished-at="2017-11-15T12:39:37Z" duration-ms="7063" status="PASS">
          <reporter-output>
          </reporter-output>
        </test-method> <!-- validLogin -->
        <test-method signature="selectCategory1(java.lang.String)[pri:1, instance:tests.CategoryPageTest@1a482e36]" started-at="2017-11-15T12:39:37Z" name="selectCategory1" data-provider="Category" finished-at="2017-11-15T12:39:41Z" duration-ms="3934" status="PASS">
          <params>
            <param index="0">
              <value>
                <![CDATA[Architecture]]>
              </value>
            </param>
          </params>
          <reporter-output>
          </reporter-output>
        </test-method> <!-- selectCategory1 -->
        <test-method signature="selectCategory1(java.lang.String)[pri:1, instance:tests.CategoryPageTest@1a482e36]" started-at="2017-11-15T12:39:41Z" name="selectCategory1" data-provider="Category" finished-at="2017-11-15T12:39:45Z" duration-ms="3763" status="PASS">
          <params>
            <param index="0">
              <value>
                <![CDATA[Psychic/Intuitive/Predictive]]>
              </value>
            </param>
          </params>
          <reporter-output>
          </reporter-output>
        </test-method> <!-- selectCategory1 -->
        <test-method signature="selectCategory1(java.lang.String)[pri:1, instance:tests.CategoryPageTest@1a482e36]" started-at="2017-11-15T12:39:45Z" name="selectCategory1" data-provider="Category" finished-at="2017-11-15T12:39:49Z" duration-ms="3712" status="PASS">
          <params>
            <param index="0">
              <value>
                <![CDATA[Software Programming]]>
              </value>
            </param>
          </params>
          <reporter-output>
          </reporter-output>
        </test-method> <!-- selectCategory1 -->
        <test-method signature="getError()[pri:2, instance:tests.CategoryPageTest@1a482e36]" started-at="2017-11-15T12:39:49Z" name="getError" finished-at="2017-11-15T12:39:50Z" duration-ms="1661" status="PASS">
          <reporter-output>
          </reporter-output>
        </test-method> <!-- getError -->
        <test-method is-config="true" signature="afterTest()[pri:0, instance:tests.CategoryPageTest@1a482e36]" started-at="2017-11-15T12:39:50Z" name="afterTest" finished-at="2017-11-15T12:39:54Z" duration-ms="3973" status="PASS">
          <reporter-output>
          </reporter-output>
        </test-method> <!-- afterTest -->
      </class> <!-- tests.CategoryPageTest -->
    </test> <!-- new user -->
    <test started-at="2017-11-15T20:39:55Z" name="personal" finished-at="2017-11-15T20:43:54Z" duration-ms="239449">
      <class name="tests.PersonalPageTest">
        <test-method is-config="true" signature="beforeTest(java.lang.String, java.lang.String)[pri:0, instance:tests.PersonalPageTest@f6efaab]" started-at="2017-11-15T12:39:55Z" name="beforeTest" finished-at="2017-11-15T12:40:10Z" duration-ms="15571" status="PASS">
          <params>
            <param index="0">
              <value>
                <![CDATA[chrome]]>
              </value>
            </param>
            <param index="1">
              <value>
                <![CDATA[http://ec2-52-53-181-39.us-west-1.compute.amazonaws.com]]>
              </value>
            </param>
          </params>
          <reporter-output>
          </reporter-output>
        </test-method> <!-- beforeTest -->
        <test-method is-config="true" signature="beforeClass()[pri:0, instance:tests.PersonalPageTest@f6efaab]" started-at="2017-11-15T12:40:10Z" name="beforeClass" finished-at="2017-11-15T12:40:10Z" duration-ms="9" status="PASS">
          <reporter-output>
          </reporter-output>
        </test-method> <!-- beforeClass -->
        <test-method signature="checkLogo()[pri:0, instance:tests.PersonalPageTest@f6efaab]" started-at="2017-11-15T12:40:10Z" name="checkLogo" finished-at="2017-11-15T12:40:13Z" duration-ms="2530" status="PASS">
          <reporter-output>
          </reporter-output>
        </test-method> <!-- checkLogo -->
        <test-method signature="validLogin()[pri:0, instance:tests.PersonalPageTest@f6efaab]" started-at="2017-11-15T12:40:13Z" name="validLogin" finished-at="2017-11-15T12:40:15Z" duration-ms="1937" status="PASS">
          <reporter-output>
          </reporter-output>
        </test-method> <!-- validLogin -->
        <test-method signature="goPersonal()[pri:1, instance:tests.PersonalPageTest@f6efaab]" started-at="2017-11-15T12:40:15Z" name="goPersonal" finished-at="2017-11-15T12:40:19Z" depends-on-methods="tests.ValidLoginTest.validLogin" duration-ms="4114" status="PASS">
          <reporter-output>
          </reporter-output>
        </test-method> <!-- goPersonal -->
        <test-method signature="enterLongFirstName()[pri:2, instance:tests.PersonalPageTest@f6efaab]" started-at="2017-11-15T12:40:19Z" name="enterLongFirstName" finished-at="2017-11-15T12:40:28Z" duration-ms="9057" status="PASS">
          <reporter-output>
          </reporter-output>
        </test-method> <!-- enterLongFirstName -->
        <test-method signature="getIncorrectFileType()[pri:3, instance:tests.PersonalPageTest@f6efaab]" started-at="2017-11-15T12:40:28Z" name="getIncorrectFileType" finished-at="2017-11-15T12:40:53Z" duration-ms="25269" status="PASS">
          <reporter-output>
          </reporter-output>
        </test-method> <!-- getIncorrectFileType -->
        <test-method signature="getPlaceBirthError()[pri:4, instance:tests.PersonalPageTest@f6efaab]" started-at="2017-11-15T12:40:53Z" name="getPlaceBirthError" finished-at="2017-11-15T12:41:04Z" duration-ms="10605" status="PASS">
          <reporter-output>
          </reporter-output>
        </test-method> <!-- getPlaceBirthError -->
        <test-method signature="enterInvalidEmail()[pri:5, instance:tests.PersonalPageTest@f6efaab]" started-at="2017-11-15T12:41:04Z" name="enterInvalidEmail" finished-at="2017-11-15T12:41:04Z" duration-ms="794" status="FAIL">
          <exception class="java.lang.AssertionError">
            <message>
              <![CDATA[invalid email error message is not displayed expected [null] but found [Please enter a valid email address.]]]>
            </message>
            <full-stacktrace>
              <![CDATA[java.lang.AssertionError: invalid email error message is not displayed expected [null] but found [Please enter a valid email address.]
	at org.testng.Assert.fail(Assert.java:94)
	at org.testng.Assert.failNotEquals(Assert.java:513)
	at org.testng.Assert.assertEqualsImpl(Assert.java:130)
	at org.testng.Assert.assertEquals(Assert.java:116)
	at org.testng.Assert.assertEquals(Assert.java:190)
	at tests.PersonalPageTest.enterInvalidEmail(PersonalPageTest.java:118)
	at java.base/jdk.internal.reflect.NativeMethodAccessorImpl.invoke0(Native Method)
	at java.base/jdk.internal.reflect.NativeMethodAccessorImpl.invoke(NativeMethodAccessorImpl.java:62)
	at java.base/jdk.internal.reflect.DelegatingMethodAccessorImpl.invoke(DelegatingMethodAccessorImpl.java:43)
	at java.base/java.lang.reflect.Method.invoke(Method.java:564)
	at org.testng.internal.MethodInvocationHelper.invokeMethod(MethodInvocationHelper.java:104)
	at org.testng.internal.Invoker.invokeMethod(Invoker.java:645)
	at org.testng.internal.Invoker.invokeTestMethod(Invoker.java:851)
	at org.testng.internal.Invoker.invokeTestMethods(Invoker.java:1177)
	at org.testng.internal.TestMethodWorker.invokeTestMethods(TestMethodWorker.java:129)
	at org.testng.internal.TestMethodWorker.run(TestMethodWorker.java:112)
	at org.testng.TestRunner.privateRun(TestRunner.java:756)
	at org.testng.TestRunner.run(TestRunner.java:610)
	at org.testng.SuiteRunner.runTest(SuiteRunner.java:387)
	at org.testng.SuiteRunner.runSequentially(SuiteRunner.java:382)
	at org.testng.SuiteRunner.privateRun(SuiteRunner.java:340)
	at org.testng.SuiteRunner.run(SuiteRunner.java:289)
	at org.testng.SuiteRunnerWorker.runSuite(SuiteRunnerWorker.java:52)
	at org.testng.SuiteRunnerWorker.run(SuiteRunnerWorker.java:86)
	at org.testng.TestNG.runSuitesSequentially(TestNG.java:1293)
	at org.testng.TestNG.runSuitesLocally(TestNG.java:1218)
	at org.testng.TestNG.runSuites(TestNG.java:1133)
	at org.testng.TestNG.run(TestNG.java:1104)
	at org.testng.IDEARemoteTestNG.run(IDEARemoteTestNG.java:72)
	at org.testng.RemoteTestNGStarter.main(RemoteTestNGStarter.java:123)
]]>
            </full-stacktrace>
          </exception> <!-- java.lang.AssertionError -->
          <reporter-output>
          </reporter-output>
        </test-method> <!-- enterInvalidEmail -->
        <test-method signature="enterInvalidPhone()[pri:6, instance:tests.PersonalPageTest@f6efaab]" started-at="2017-11-15T12:41:04Z" name="enterInvalidPhone" finished-at="2017-11-15T12:41:05Z" duration-ms="472" status="PASS">
          <reporter-output>
          </reporter-output>
        </test-method> <!-- enterInvalidPhone -->
        <test-method signature="insertInvalidHeight()[pri:7, instance:tests.PersonalPageTest@f6efaab]" started-at="2017-11-15T12:41:05Z" name="insertInvalidHeight" finished-at="2017-11-15T12:41:06Z" duration-ms="682" status="PASS">
          <reporter-output>
          </reporter-output>
        </test-method> <!-- insertInvalidHeight -->
        <test-method signature="insertInvalidWeight()[pri:8, instance:tests.PersonalPageTest@f6efaab]" started-at="2017-11-15T12:41:06Z" name="insertInvalidWeight" finished-at="2017-11-15T12:41:06Z" duration-ms="894" status="PASS">
          <reporter-output>
          </reporter-output>
        </test-method> <!-- insertInvalidWeight -->
        <test-method signature="insertInformation(java.lang.String, java.lang.String, java.lang.String, java.lang.String, java.lang.String, java.lang.String, java.lang.String, java.lang.String, java.lang.String, java.lang.String, java.lang.String, java.lang.String, java.lang.String, java.lang.String, java.lang.String, java.lang.String, java.lang.String)[pri:9, instance:tests.PersonalPageTest@f6efaab]" started-at="2017-11-15T12:41:06Z" name="insertInformation" data-provider="PersonalInfo" finished-at="2017-11-15T12:41:45Z" duration-ms="38386" status="PASS">
          <params>
            <param index="0">
              <value>
                <![CDATA[0]]>
              </value>
            </param>
            <param index="1">
              <value>
                <![CDATA[XEZ]]>
              </value>
            </param>
            <param index="2">
              <value>
                <![CDATA[Zt]]>
              </value>
            </param>
            <param index="3">
              <value>
                <![CDATA[aWViAg]]>
              </value>
            </param>
            <param index="4">
              <value>
                <![CDATA[11/21/1998]]>
              </value>
            </param>
            <param index="5">
              <value>
                <![CDATA[aNQYucAyRn]]>
              </value>
            </param>
            <param index="6">
              <value>
                <![CDATA[Kazakhstan]]>
              </value>
            </param>
            <param index="7">
              <value>
                <![CDATA[4186 kpTm kH.]]>
              </value>
            </param>
            <param index="8">
              <value>
                <![CDATA[plJ.5143]]>
              </value>
            </param>
            <param index="9">
              <value>
                <![CDATA[zDZ LxAIVL]]>
              </value>
            </param>
            <param index="10">
              <value>
                <![CDATA[SC]]>
              </value>
            </param>
            <param index="11">
              <value>
                <![CDATA[96957]]>
              </value>
            </param>
            <param index="12">
              <value>
                <![CDATA[txxjkt@cmail.club]]>
              </value>
            </param>
            <param index="13">
              <value>
                <![CDATA[(416) 101-3699]]>
              </value>
            </param>
            <param index="14">
              <value>
                <![CDATA[Linkedin]]>
              </value>
            </param>
            <param index="15">
              <value>
                <![CDATA[782]]>
              </value>
            </param>
            <param index="16">
              <value>
                <![CDATA[917]]>
              </value>
            </param>
          </params>
          <reporter-output>
          </reporter-output>
        </test-method> <!-- insertInformation -->
        <test-method signature="insertInformation(java.lang.String, java.lang.String, java.lang.String, java.lang.String, java.lang.String, java.lang.String, java.lang.String, java.lang.String, java.lang.String, java.lang.String, java.lang.String, java.lang.String, java.lang.String, java.lang.String, java.lang.String, java.lang.String, java.lang.String)[pri:9, instance:tests.PersonalPageTest@f6efaab]" started-at="2017-11-15T12:41:45Z" name="insertInformation" data-provider="PersonalInfo" finished-at="2017-11-15T12:42:22Z" duration-ms="37657" status="FAIL">
          <params>
            <param index="0">
              <value>
                <![CDATA[1]]>
              </value>
            </param>
            <param index="1">
              <value>
                <![CDATA[PPmutEh]]>
              </value>
            </param>
            <param index="2">
              <value>
                <![CDATA[]]>
              </value>
            </param>
            <param index="3">
              <value>
                <![CDATA[kgw]]>
              </value>
            </param>
            <param index="4">
              <value>
                <![CDATA[11/21/1998]]>
              </value>
            </param>
            <param index="5">
              <value>
                <![CDATA[Sftb]]>
              </value>
            </param>
            <param index="6">
              <value>
                <![CDATA[United Kingdom]]>
              </value>
            </param>
            <param index="7">
              <value>
                <![CDATA[61 ZrxSPWhAI uYE.]]>
              </value>
            </param>
            <param index="8">
              <value>
                <![CDATA[bFM.5095]]>
              </value>
            </param>
            <param index="9">
              <value>
                <![CDATA[rKyQCAgnX]]>
              </value>
            </param>
            <param index="10">
              <value>
                <![CDATA[MN]]>
              </value>
            </param>
            <param index="11">
              <value>
                <![CDATA[70288]]>
              </value>
            </param>
            <param index="12">
              <value>
                <![CDATA[yfsxgclqr@cmail.club]]>
              </value>
            </param>
            <param index="13">
              <value>
                <![CDATA[(556) 760-7905]]>
              </value>
            </param>
            <param index="14">
              <value>
                <![CDATA[Google]]>
              </value>
            </param>
            <param index="15">
              <value>
                <![CDATA[084]]>
              </value>
            </param>
            <param index="16">
              <value>
                <![CDATA[068.05]]>
              </value>
            </param>
          </params>
          <exception class="java.lang.AssertionError">
            <message>
              <![CDATA[84 not equals 084 expected [true] but found [false]]]>
            </message>
            <full-stacktrace>
              <![CDATA[java.lang.AssertionError: 84 not equals 084 expected [true] but found [false]
	at org.testng.Assert.fail(Assert.java:94)
	at org.testng.Assert.failNotEquals(Assert.java:513)
	at org.testng.Assert.assertTrue(Assert.java:42)
	at tests.PersonalPageTest.insertInformation(PersonalPageTest.java:259)
	at java.base/jdk.internal.reflect.NativeMethodAccessorImpl.invoke0(Native Method)
	at java.base/jdk.internal.reflect.NativeMethodAccessorImpl.invoke(NativeMethodAccessorImpl.java:62)
	at java.base/jdk.internal.reflect.DelegatingMethodAccessorImpl.invoke(DelegatingMethodAccessorImpl.java:43)
	at java.base/java.lang.reflect.Method.invoke(Method.java:564)
	at org.testng.internal.MethodInvocationHelper.invokeMethod(MethodInvocationHelper.java:104)
	at org.testng.internal.Invoker.invokeMethod(Invoker.java:645)
	at org.testng.internal.Invoker.invokeTestMethod(Invoker.java:851)
	at org.testng.internal.Invoker.invokeTestMethods(Invoker.java:1177)
	at org.testng.internal.TestMethodWorker.invokeTestMethods(TestMethodWorker.java:129)
	at org.testng.internal.TestMethodWorker.run(TestMethodWorker.java:112)
	at org.testng.TestRunner.privateRun(TestRunner.java:756)
	at org.testng.TestRunner.run(TestRunner.java:610)
	at org.testng.SuiteRunner.runTest(SuiteRunner.java:387)
	at org.testng.SuiteRunner.runSequentially(SuiteRunner.java:382)
	at org.testng.SuiteRunner.privateRun(SuiteRunner.java:340)
	at org.testng.SuiteRunner.run(SuiteRunner.java:289)
	at org.testng.SuiteRunnerWorker.runSuite(SuiteRunnerWorker.java:52)
	at org.testng.SuiteRunnerWorker.run(SuiteRunnerWorker.java:86)
	at org.testng.TestNG.runSuitesSequentially(TestNG.java:1293)
	at org.testng.TestNG.runSuitesLocally(TestNG.java:1218)
	at org.testng.TestNG.runSuites(TestNG.java:1133)
	at org.testng.TestNG.run(TestNG.java:1104)
	at org.testng.IDEARemoteTestNG.run(IDEARemoteTestNG.java:72)
	at org.testng.RemoteTestNGStarter.main(RemoteTestNGStarter.java:123)
]]>
            </full-stacktrace>
          </exception> <!-- java.lang.AssertionError -->
          <reporter-output>
          </reporter-output>
        </test-method> <!-- insertInformation -->
        <test-method signature="insertInformation(java.lang.String, java.lang.String, java.lang.String, java.lang.String, java.lang.String, java.lang.String, java.lang.String, java.lang.String, java.lang.String, java.lang.String, java.lang.String, java.lang.String, java.lang.String, java.lang.String, java.lang.String, java.lang.String, java.lang.String)[pri:9, instance:tests.PersonalPageTest@f6efaab]" started-at="2017-11-15T12:42:22Z" name="insertInformation" data-provider="PersonalInfo" finished-at="2017-11-15T12:43:53Z" duration-ms="90165" status="FAIL">
          <params>
            <param index="0">
              <value>
                <![CDATA[2]]>
              </value>
            </param>
            <param index="1">
              <value>
                <![CDATA[GA]]>
              </value>
            </param>
            <param index="2">
              <value>
                <![CDATA[CfGkD]]>
              </value>
            </param>
            <param index="3">
              <value>
                <![CDATA[OPpTsbTMWO]]>
              </value>
            </param>
            <param index="4">
              <value>
                <![CDATA[11/21/1998]]>
              </value>
            </param>
            <param index="5">
              <value>
                <![CDATA[Euds]]>
              </value>
            </param>
            <param index="6">
              <value>
                <![CDATA[Russia]]>
              </value>
            </param>
            <param index="7">
              <value>
                <![CDATA[3853 VWrO Sc.]]>
              </value>
            </param>
            <param index="8">
              <value>
                <![CDATA[]]>
              </value>
            </param>
            <param index="9">
              <value>
                <![CDATA[nrVxriK]]>
              </value>
            </param>
            <param index="10">
              <value>
                <![CDATA[AF]]>
              </value>
            </param>
            <param index="11">
              <value>
                <![CDATA[96769]]>
              </value>
            </param>
            <param index="12">
              <value>
                <![CDATA[mux99ppo@cmail.club]]>
              </value>
            </param>
            <param index="13">
              <value>
                <![CDATA[(860) 480-9070]]>
              </value>
            </param>
            <param index="14">
              <value>
                <![CDATA[Facebook]]>
              </value>
            </param>
            <param index="15">
              <value>
                <![CDATA[32]]>
              </value>
            </param>
            <param index="16">
              <value>
                <![CDATA[8]]>
              </value>
            </param>
          </params>
          <exception class="org.openqa.selenium.TimeoutException">
            <message>
              <![CDATA[Expected condition failed: waiting for visibility of all [] (tried for 10 second(s) with 500 MILLISECONDS interval)
Build info: version: '3.7.1', revision: '8a0099a', time: '2017-11-06T21:01:39.354Z'
System info: host: 'SHUSHIK', ip: '192.168.0.8', os.name: 'Windows 10', os.arch: 'amd64', os.version: '10.0', java.version: '9.0.1'
Driver info: org.openqa.selenium.chrome.ChromeDriver
Capabilities {acceptSslCerts: true, applicationCacheEnabled: false, browserConnectionEnabled: false, browserName: chrome, chrome: {chromedriverVersion: 2.29.461591 (62ebf098771772..., userDataDir: C:\Users\ALEXAN~1\AppData\L...}, cssSelectorsEnabled: true, databaseEnabled: false, handlesAlerts: true, hasTouchScreen: false, javascriptEnabled: true, locationContextEnabled: true, mobileEmulationEnabled: false, nativeEvents: true, networkConnectionEnabled: false, pageLoadStrategy: normal, platform: XP, platformName: XP, rotatable: false, takesHeapSnapshot: true, takesScreenshot: true, unexpectedAlertBehaviour: , unhandledPromptBehavior: , version: 62.0.3202.94, webStorageEnabled: true}
Session ID: 456f58eba9bb020633ac084eb8a501d5]]>
            </message>
            <full-stacktrace>
              <![CDATA[org.openqa.selenium.TimeoutException: Expected condition failed: waiting for visibility of all [] (tried for 10 second(s) with 500 MILLISECONDS interval)
Build info: version: '3.7.1', revision: '8a0099a', time: '2017-11-06T21:01:39.354Z'
System info: host: 'SHUSHIK', ip: '192.168.0.8', os.name: 'Windows 10', os.arch: 'amd64', os.version: '10.0', java.version: '9.0.1'
Driver info: org.openqa.selenium.chrome.ChromeDriver
Capabilities {acceptSslCerts: true, applicationCacheEnabled: false, browserConnectionEnabled: false, browserName: chrome, chrome: {chromedriverVersion: 2.29.461591 (62ebf098771772..., userDataDir: C:\Users\ALEXAN~1\AppData\L...}, cssSelectorsEnabled: true, databaseEnabled: false, handlesAlerts: true, hasTouchScreen: false, javascriptEnabled: true, locationContextEnabled: true, mobileEmulationEnabled: false, nativeEvents: true, networkConnectionEnabled: false, pageLoadStrategy: normal, platform: XP, platformName: XP, rotatable: false, takesHeapSnapshot: true, takesScreenshot: true, unexpectedAlertBehaviour: , unhandledPromptBehavior: , version: 62.0.3202.94, webStorageEnabled: true}
Session ID: 456f58eba9bb020633ac084eb8a501d5
	at org.openqa.selenium.support.ui.WebDriverWait.timeoutException(WebDriverWait.java:82)
	at org.openqa.selenium.support.ui.FluentWait.until(FluentWait.java:231)
	at pages.TalentsPage.clickEdit(TalentsPage.java:158)
	at tests.PersonalPageTest.insertInformation(PersonalPageTest.java:177)
	at java.base/jdk.internal.reflect.NativeMethodAccessorImpl.invoke0(Native Method)
	at java.base/jdk.internal.reflect.NativeMethodAccessorImpl.invoke(NativeMethodAccessorImpl.java:62)
	at java.base/jdk.internal.reflect.DelegatingMethodAccessorImpl.invoke(DelegatingMethodAccessorImpl.java:43)
	at java.base/java.lang.reflect.Method.invoke(Method.java:564)
	at org.testng.internal.MethodInvocationHelper.invokeMethod(MethodInvocationHelper.java:104)
	at org.testng.internal.Invoker.invokeMethod(Invoker.java:645)
	at org.testng.internal.Invoker.invokeTestMethod(Invoker.java:851)
	at org.testng.internal.Invoker.invokeTestMethods(Invoker.java:1177)
	at org.testng.internal.TestMethodWorker.invokeTestMethods(TestMethodWorker.java:129)
	at org.testng.internal.TestMethodWorker.run(TestMethodWorker.java:112)
	at org.testng.TestRunner.privateRun(TestRunner.java:756)
	at org.testng.TestRunner.run(TestRunner.java:610)
	at org.testng.SuiteRunner.runTest(SuiteRunner.java:387)
	at org.testng.SuiteRunner.runSequentially(SuiteRunner.java:382)
	at org.testng.SuiteRunner.privateRun(SuiteRunner.java:340)
	at org.testng.SuiteRunner.run(SuiteRunner.java:289)
	at org.testng.SuiteRunnerWorker.runSuite(SuiteRunnerWorker.java:52)
	at org.testng.SuiteRunnerWorker.run(SuiteRunnerWorker.java:86)
	at org.testng.TestNG.runSuitesSequentially(TestNG.java:1293)
	at org.testng.TestNG.runSuitesLocally(TestNG.java:1218)
	at org.testng.TestNG.runSuites(TestNG.java:1133)
	at org.testng.TestNG.run(TestNG.java:1104)
	at org.testng.IDEARemoteTestNG.run(IDEARemoteTestNG.java:72)
	at org.testng.RemoteTestNGStarter.main(RemoteTestNGStarter.java:123)
]]>
            </full-stacktrace>
          </exception> <!-- org.openqa.selenium.TimeoutException -->
          <reporter-output>
          </reporter-output>
        </test-method> <!-- insertInformation -->
        <test-method is-config="true" signature="afterTest()[pri:0, instance:tests.PersonalPageTest@f6efaab]" started-at="2017-11-15T12:43:53Z" name="afterTest" finished-at="2017-11-15T12:43:54Z" duration-ms="1288" status="PASS">
          <reporter-output>
          </reporter-output>
        </test-method> <!-- afterTest -->
      </class> <!-- tests.PersonalPageTest -->
    </test> <!-- personal -->
    <test started-at="2017-11-15T20:43:54Z" name="talentTraits" finished-at="2017-11-15T20:45:06Z" duration-ms="71499">
      <class name="tests.TalentTraitsPageTest">
        <test-method is-config="true" signature="beforeTest(java.lang.String, java.lang.String)[pri:0, instance:tests.TalentTraitsPageTest@4c371370]" started-at="2017-11-15T12:43:54Z" name="beforeTest" finished-at="2017-11-15T12:44:12Z" duration-ms="17741" status="PASS">
          <params>
            <param index="0">
              <value>
                <![CDATA[chrome]]>
              </value>
            </param>
            <param index="1">
              <value>
                <![CDATA[http://ec2-52-53-181-39.us-west-1.compute.amazonaws.com]]>
              </value>
            </param>
          </params>
          <reporter-output>
          </reporter-output>
        </test-method> <!-- beforeTest -->
        <test-method is-config="true" signature="beforeClass()[pri:0, instance:tests.TalentTraitsPageTest@4c371370]" started-at="2017-11-15T12:44:12Z" name="beforeClass" finished-at="2017-11-15T12:44:12Z" duration-ms="5" status="PASS">
          <reporter-output>
          </reporter-output>
        </test-method> <!-- beforeClass -->
        <test-method signature="checkLogo()[pri:0, instance:tests.TalentTraitsPageTest@4c371370]" started-at="2017-11-15T12:44:12Z" name="checkLogo" finished-at="2017-11-15T12:44:14Z" duration-ms="2008" status="PASS">
          <reporter-output>
          </reporter-output>
        </test-method> <!-- checkLogo -->
        <test-method signature="validLogin()[pri:0, instance:tests.TalentTraitsPageTest@4c371370]" started-at="2017-11-15T12:44:14Z" name="validLogin" finished-at="2017-11-15T12:44:20Z" duration-ms="5706" status="PASS">
          <reporter-output>
          </reporter-output>
        </test-method> <!-- validLogin -->
        <test-method signature="goTalentTraits()[pri:1, instance:tests.TalentTraitsPageTest@4c371370]" started-at="2017-11-15T12:44:20Z" name="goTalentTraits" finished-at="2017-11-15T12:44:34Z" duration-ms="14112" status="FAIL">
          <exception class="org.openqa.selenium.TimeoutException">
            <message>
              <![CDATA[Expected condition failed: waiting for class to be "ng-scope active". Current class: "active ng-binding ng-scope" (tried for 10 second(s) with 500 MILLISECONDS interval)
Build info: version: '3.7.1', revision: '8a0099a', time: '2017-11-06T21:01:39.354Z'
System info: host: 'SHUSHIK', ip: '192.168.0.8', os.name: 'Windows 10', os.arch: 'amd64', os.version: '10.0', java.version: '9.0.1'
Driver info: org.openqa.selenium.chrome.ChromeDriver
Capabilities {acceptSslCerts: true, applicationCacheEnabled: false, browserConnectionEnabled: false, browserName: chrome, chrome: {chromedriverVersion: 2.29.461591 (62ebf098771772..., userDataDir: C:\Users\ALEXAN~1\AppData\L...}, cssSelectorsEnabled: true, databaseEnabled: false, handlesAlerts: true, hasTouchScreen: false, javascriptEnabled: true, locationContextEnabled: true, mobileEmulationEnabled: false, nativeEvents: true, networkConnectionEnabled: false, pageLoadStrategy: normal, platform: XP, platformName: XP, rotatable: false, takesHeapSnapshot: true, takesScreenshot: true, unexpectedAlertBehaviour: , unhandledPromptBehavior: , version: 62.0.3202.94, webStorageEnabled: true}
Session ID: 878542766059b1ca79a1058923208856]]>
            </message>
            <full-stacktrace>
              <![CDATA[org.openqa.selenium.TimeoutException: Expected condition failed: waiting for class to be "ng-scope active". Current class: "active ng-binding ng-scope" (tried for 10 second(s) with 500 MILLISECONDS interval)
Build info: version: '3.7.1', revision: '8a0099a', time: '2017-11-06T21:01:39.354Z'
System info: host: 'SHUSHIK', ip: '192.168.0.8', os.name: 'Windows 10', os.arch: 'amd64', os.version: '10.0', java.version: '9.0.1'
Driver info: org.openqa.selenium.chrome.ChromeDriver
Capabilities {acceptSslCerts: true, applicationCacheEnabled: false, browserConnectionEnabled: false, browserName: chrome, chrome: {chromedriverVersion: 2.29.461591 (62ebf098771772..., userDataDir: C:\Users\ALEXAN~1\AppData\L...}, cssSelectorsEnabled: true, databaseEnabled: false, handlesAlerts: true, hasTouchScreen: false, javascriptEnabled: true, locationContextEnabled: true, mobileEmulationEnabled: false, nativeEvents: true, networkConnectionEnabled: false, pageLoadStrategy: normal, platform: XP, platformName: XP, rotatable: false, takesHeapSnapshot: true, takesScreenshot: true, unexpectedAlertBehaviour: , unhandledPromptBehavior: , version: 62.0.3202.94, webStorageEnabled: true}
Session ID: 878542766059b1ca79a1058923208856
	at org.openqa.selenium.support.ui.WebDriverWait.timeoutException(WebDriverWait.java:82)
	at org.openqa.selenium.support.ui.FluentWait.until(FluentWait.java:231)
	at menus.TalentMenu.getActiveTabTalentTraits(TalentMenu.java:155)
	at tests.TalentTraitsPageTest.goTalentTraits(TalentTraitsPageTest.java:29)
	at java.base/jdk.internal.reflect.NativeMethodAccessorImpl.invoke0(Native Method)
	at java.base/jdk.internal.reflect.NativeMethodAccessorImpl.invoke(NativeMethodAccessorImpl.java:62)
	at java.base/jdk.internal.reflect.DelegatingMethodAccessorImpl.invoke(DelegatingMethodAccessorImpl.java:43)
	at java.base/java.lang.reflect.Method.invoke(Method.java:564)
	at org.testng.internal.MethodInvocationHelper.invokeMethod(MethodInvocationHelper.java:104)
	at org.testng.internal.Invoker.invokeMethod(Invoker.java:645)
	at org.testng.internal.Invoker.invokeTestMethod(Invoker.java:851)
	at org.testng.internal.Invoker.invokeTestMethods(Invoker.java:1177)
	at org.testng.internal.TestMethodWorker.invokeTestMethods(TestMethodWorker.java:129)
	at org.testng.internal.TestMethodWorker.run(TestMethodWorker.java:112)
	at org.testng.TestRunner.privateRun(TestRunner.java:756)
	at org.testng.TestRunner.run(TestRunner.java:610)
	at org.testng.SuiteRunner.runTest(SuiteRunner.java:387)
	at org.testng.SuiteRunner.runSequentially(SuiteRunner.java:382)
	at org.testng.SuiteRunner.privateRun(SuiteRunner.java:340)
	at org.testng.SuiteRunner.run(SuiteRunner.java:289)
	at org.testng.SuiteRunnerWorker.runSuite(SuiteRunnerWorker.java:52)
	at org.testng.SuiteRunnerWorker.run(SuiteRunnerWorker.java:86)
	at org.testng.TestNG.runSuitesSequentially(TestNG.java:1293)
	at org.testng.TestNG.runSuitesLocally(TestNG.java:1218)
	at org.testng.TestNG.runSuites(TestNG.java:1133)
	at org.testng.TestNG.run(TestNG.java:1104)
	at org.testng.IDEARemoteTestNG.run(IDEARemoteTestNG.java:72)
	at org.testng.RemoteTestNGStarter.main(RemoteTestNGStarter.java:123)
]]>
            </full-stacktrace>
          </exception> <!-- org.openqa.selenium.TimeoutException -->
          <reporter-output>
          </reporter-output>
        </test-method> <!-- goTalentTraits -->
        <test-method signature="getEmptyErrors()[pri:2, instance:tests.TalentTraitsPageTest@4c371370]" started-at="2017-11-15T12:44:34Z" name="getEmptyErrors" finished-at="2017-11-15T12:44:36Z" duration-ms="2264" status="PASS">
          <reporter-output>
          </reporter-output>
        </test-method> <!-- getEmptyErrors -->
        <test-method signature="insert11()[pri:3, instance:tests.TalentTraitsPageTest@4c371370]" started-at="2017-11-15T12:44:36Z" name="insert11" finished-at="2017-11-15T12:44:47Z" duration-ms="11448" status="PASS">
          <reporter-output>
          </reporter-output>
        </test-method> <!-- insert11 -->
        <test-method signature="insert0()[pri:4, instance:tests.TalentTraitsPageTest@4c371370]" started-at="2017-11-15T12:44:47Z" name="insert0" finished-at="2017-11-15T12:44:56Z" duration-ms="8894" status="PASS">
          <reporter-output>
          </reporter-output>
        </test-method> <!-- insert0 -->
        <test-method signature="insertScales()[pri:5, instance:tests.TalentTraitsPageTest@4c371370]" started-at="2017-11-15T12:44:56Z" name="insertScales" finished-at="2017-11-15T12:45:04Z" duration-ms="7562" status="FAIL">
          <exception class="java.lang.ArrayIndexOutOfBoundsException">
            <message>
              <![CDATA[20]]>
            </message>
            <full-stacktrace>
              <![CDATA[java.lang.ArrayIndexOutOfBoundsException: 20
	at tests.TalentTraitsPageTest.insertScales(TalentTraitsPageTest.java:95)
	at java.base/jdk.internal.reflect.NativeMethodAccessorImpl.invoke0(Native Method)
	at java.base/jdk.internal.reflect.NativeMethodAccessorImpl.invoke(NativeMethodAccessorImpl.java:62)
	at java.base/jdk.internal.reflect.DelegatingMethodAccessorImpl.invoke(DelegatingMethodAccessorImpl.java:43)
	at java.base/java.lang.reflect.Method.invoke(Method.java:564)
	at org.testng.internal.MethodInvocationHelper.invokeMethod(MethodInvocationHelper.java:104)
	at org.testng.internal.Invoker.invokeMethod(Invoker.java:645)
	at org.testng.internal.Invoker.invokeTestMethod(Invoker.java:851)
	at org.testng.internal.Invoker.invokeTestMethods(Invoker.java:1177)
	at org.testng.internal.TestMethodWorker.invokeTestMethods(TestMethodWorker.java:129)
	at org.testng.internal.TestMethodWorker.run(TestMethodWorker.java:112)
	at org.testng.TestRunner.privateRun(TestRunner.java:756)
	at org.testng.TestRunner.run(TestRunner.java:610)
	at org.testng.SuiteRunner.runTest(SuiteRunner.java:387)
	at org.testng.SuiteRunner.runSequentially(SuiteRunner.java:382)
	at org.testng.SuiteRunner.privateRun(SuiteRunner.java:340)
	at org.testng.SuiteRunner.run(SuiteRunner.java:289)
	at org.testng.SuiteRunnerWorker.runSuite(SuiteRunnerWorker.java:52)
	at org.testng.SuiteRunnerWorker.run(SuiteRunnerWorker.java:86)
	at org.testng.TestNG.runSuitesSequentially(TestNG.java:1293)
	at org.testng.TestNG.runSuitesLocally(TestNG.java:1218)
	at org.testng.TestNG.runSuites(TestNG.java:1133)
	at org.testng.TestNG.run(TestNG.java:1104)
	at org.testng.IDEARemoteTestNG.run(IDEARemoteTestNG.java:72)
	at org.testng.RemoteTestNGStarter.main(RemoteTestNGStarter.java:123)
]]>
            </full-stacktrace>
          </exception> <!-- java.lang.ArrayIndexOutOfBoundsException -->
          <reporter-output>
          </reporter-output>
        </test-method> <!-- insertScales -->
        <test-method is-config="true" signature="afterTest()[pri:0, instance:tests.TalentTraitsPageTest@4c371370]" started-at="2017-11-15T12:45:04Z" name="afterTest" finished-at="2017-11-15T12:45:06Z" duration-ms="1755" status="PASS">
          <reporter-output>
          </reporter-output>
        </test-method> <!-- afterTest -->
      </class> <!-- tests.TalentTraitsPageTest -->
    </test> <!-- talentTraits -->
  </suite> <!-- Promytheus -->
</testng-results>
