<?xml version="1.0" encoding="UTF-8"?>
<!-- Generated by org.testng.reporters.JUnitXMLReporter -->
<testsuite hostname="Shushik" ignored="0" name="ru" tests="6" failures="0" timestamp="24 Oct 2017 23:26:12 GMT" time="41.701" errors="0">
  <testcase name="checkLogo" time="2.376" classname="tests.BaseTest"/>
  <testcase name="validLogin" time="2.002" classname="tests.ValidLoginTest"/>
  <testcase name="goTalentTraits" time="3.133" classname="tests.TalentTraitsPageTest"/>
  <testcase name="getEmptyErrors" time="2.689" classname="tests.TalentTraitsPageTest"/>
  <testcase name="getIncorrectErrors" time="11.103" classname="tests.TalentTraitsPageTest"/>
  <testcase name="insertScales" time="6.949" classname="tests.TalentTraitsPageTest"/>
</testsuite> <!-- ru -->
