<?xml version="1.0" encoding="UTF-8"?>
<!-- Generated by org.testng.reporters.JUnitXMLReporter -->
<testsuite ignored="15" hostname="Shushik" failures="0" tests="72" name="Command line test" time="4.347" errors="0" timestamp="12 Nov 2017 01:26:58 GMT">
  <testcase classname="tests.BaseTest" name="@BeforeTest beforeTest" time="0.0">
    <failure type="org.testng.TestNGException" message="
Parameter &amp;apos;browser&amp;apos; is required by BeforeTest on method beforeTest but has not been marked @Optional or defined
">
      <![CDATA[org.testng.TestNGException: 
Parameter 'browser' is required by BeforeTest on method beforeTest but has not been marked @Optional or defined

... Removed 30 stack frames]]>
    </failure>
  </testcase> <!-- @BeforeTest beforeTest -->
  <testcase classname="tests.BaseTest" name="@BeforeClass beforeClass" time="0.0">
    <skipped/>
  </testcase> <!-- @BeforeClass beforeClass -->
  <testcase classname="tests.BaseTest" name="@BeforeClass beforeClass" time="0.0">
    <skipped/>
  </testcase> <!-- @BeforeClass beforeClass -->
  <testcase classname="tests.BaseTest" name="@BeforeClass beforeClass" time="0.0">
    <skipped/>
  </testcase> <!-- @BeforeClass beforeClass -->
  <testcase classname="tests.BaseTest" name="@BeforeClass beforeClass" time="0.0">
    <skipped/>
  </testcase> <!-- @BeforeClass beforeClass -->
  <testcase classname="tests.BaseTest" name="@BeforeClass beforeClass" time="0.0">
    <skipped/>
  </testcase> <!-- @BeforeClass beforeClass -->
  <testcase classname="tests.RegisterPageTest" name="@BeforeMethod generateUser" time="0.0">
    <skipped/>
  </testcase> <!-- @BeforeMethod generateUser -->
  <testcase classname="tests.BaseTest" name="@BeforeClass beforeClass" time="0.0">
    <skipped/>
  </testcase> <!-- @BeforeClass beforeClass -->
  <testcase classname="tests.BaseTest" name="@BeforeClass beforeClass" time="0.0">
    <skipped/>
  </testcase> <!-- @BeforeClass beforeClass -->
  <testcase classname="tests.BaseTest" name="@BeforeClass beforeClass" time="0.0">
    <skipped/>
  </testcase> <!-- @BeforeClass beforeClass -->
  <testcase classname="tests.RegisterPageTest" name="@BeforeMethod generateUser" time="0.0">
    <skipped/>
  </testcase> <!-- @BeforeMethod generateUser -->
  <testcase classname="tests.RegisterPageTest" name="@BeforeMethod generateUser" time="0.0">
    <skipped/>
  </testcase> <!-- @BeforeMethod generateUser -->
  <testcase classname="tests.RegisterPageTest" name="@BeforeMethod generateUser" time="0.0">
    <skipped/>
  </testcase> <!-- @BeforeMethod generateUser -->
  <testcase classname="tests.RegisterPageTest" name="@BeforeMethod generateUser" time="0.0">
    <skipped/>
  </testcase> <!-- @BeforeMethod generateUser -->
  <testcase classname="tests.RegisterPageTest" name="@BeforeMethod generateUser" time="0.0">
    <skipped/>
  </testcase> <!-- @BeforeMethod generateUser -->
  <testcase classname="tests.RegisterPageTest" name="@BeforeMethod generateUser" time="0.0">
    <skipped/>
  </testcase> <!-- @BeforeMethod generateUser -->
  <testcase classname="tests.RegisterPageTest" name="@BeforeMethod generateUser" time="0.0">
    <skipped/>
  </testcase> <!-- @BeforeMethod generateUser -->
  <testcase classname="tests.RegisterPageTest" name="@BeforeMethod generateUser" time="0.0">
    <skipped/>
  </testcase> <!-- @BeforeMethod generateUser -->
  <testcase classname="tests.RegisterPageTest" name="@BeforeMethod generateUser" time="0.0">
    <skipped/>
  </testcase> <!-- @BeforeMethod generateUser -->
  <testcase classname="tests.RegisterPageTest" name="@BeforeMethod generateUser" time="0.0">
    <skipped/>
  </testcase> <!-- @BeforeMethod generateUser -->
  <testcase classname="tests.RegisterPageTest" name="@BeforeMethod generateUser" time="0.0">
    <skipped/>
  </testcase> <!-- @BeforeMethod generateUser -->
  <testcase classname="tests.RegisterPageTest" name="@BeforeMethod generateUser" time="0.0">
    <skipped/>
  </testcase> <!-- @BeforeMethod generateUser -->
  <testcase classname="tests.RegisterPageTest" name="@BeforeMethod generateUser" time="0.0">
    <skipped/>
  </testcase> <!-- @BeforeMethod generateUser -->
  <testcase classname="tests.RegisterPageTest" name="@BeforeMethod generateUser" time="0.0">
    <skipped/>
  </testcase> <!-- @BeforeMethod generateUser -->
  <testcase classname="tests.RegisterPageTest" name="@BeforeMethod generateUser" time="0.0">
    <skipped/>
  </testcase> <!-- @BeforeMethod generateUser -->
  <testcase classname="tests.RegisterPageTest" name="@BeforeMethod generateUser" time="0.0">
    <skipped/>
  </testcase> <!-- @BeforeMethod generateUser -->
  <testcase classname="tests.RegisterPageTest" name="@BeforeMethod generateUser" time="0.0">
    <skipped/>
  </testcase> <!-- @BeforeMethod generateUser -->
  <testcase classname="tests.RegisterPageTest" name="@BeforeMethod generateUser" time="0.0">
    <skipped/>
  </testcase> <!-- @BeforeMethod generateUser -->
  <testcase classname="tests.RegisterPageTest" name="@BeforeMethod generateUser" time="0.0">
    <skipped/>
  </testcase> <!-- @BeforeMethod generateUser -->
  <testcase classname="tests.RegisterPageTest" name="@BeforeMethod generateUser" time="0.0">
    <skipped/>
  </testcase> <!-- @BeforeMethod generateUser -->
  <testcase classname="tests.BaseTest" name="@AfterTest afterTest" time="0.0">
    <skipped/>
  </testcase> <!-- @AfterTest afterTest -->
  <testcase classname="tests.BaseTest" name="checkLogo" time="0.0">
    <skipped/>
  </testcase> <!-- checkLogo -->
  <testcase classname="tests.BaseTest" name="checkLogo" time="0.0">
    <skipped/>
  </testcase> <!-- checkLogo -->
  <testcase classname="tests.ValidLoginTest" name="validLogin" time="0.0">
    <skipped/>
  </testcase> <!-- validLogin -->
  <testcase classname="tests.BaseTest" name="checkLogo" time="0.0">
    <skipped/>
  </testcase> <!-- checkLogo -->
  <testcase classname="tests.BaseTest" name="checkLogo" time="0.0">
    <skipped/>
  </testcase> <!-- checkLogo -->
  <testcase classname="tests.BaseTest" name="checkLogo" time="0.0">
    <skipped/>
  </testcase> <!-- checkLogo -->
  <testcase classname="tests.BaseTest" name="checkLogo" time="0.0">
    <skipped/>
  </testcase> <!-- checkLogo -->
  <testcase classname="tests.BaseTest" name="checkLogo" time="0.0">
    <skipped/>
  </testcase> <!-- checkLogo -->
  <testcase classname="tests.BaseTest" name="checkLogo" time="0.0">
    <skipped/>
  </testcase> <!-- checkLogo -->
  <testcase classname="tests.ValidLoginTest" name="validLogin" time="0.0">
    <skipped/>
  </testcase> <!-- validLogin -->
  <testcase classname="tests.ValidLoginTest" name="validLogin" time="0.0">
    <skipped/>
  </testcase> <!-- validLogin -->
  <testcase classname="tests.ValidLoginTest" name="validLogin" time="0.0">
    <skipped/>
  </testcase> <!-- validLogin -->
  <testcase classname="tests.ValidLoginTest" name="validLogin" time="0.0">
    <skipped/>
  </testcase> <!-- validLogin -->
  <testcase classname="tests.CategoryPageTest" name="selectCategory1" time="0.0">
    <skipped/>
  </testcase> <!-- selectCategory1 -->
  <testcase classname="tests.CategoryPageTest" name="selectCategory1" time="0.0">
    <skipped/>
  </testcase> <!-- selectCategory1 -->
  <testcase classname="tests.CategoryPageTest" name="selectCategory1" time="0.0">
    <skipped/>
  </testcase> <!-- selectCategory1 -->
  <testcase classname="tests.LoginPageTest" name="getErrors" time="0.0">
    <skipped/>
  </testcase> <!-- getErrors -->
  <testcase classname="tests.LoginPageTest" name="getErrors" time="0.0">
    <skipped/>
  </testcase> <!-- getErrors -->
  <testcase classname="tests.LoginPageTest" name="getErrors" time="0.0">
    <skipped/>
  </testcase> <!-- getErrors -->
  <testcase classname="tests.LoginPageTest" name="getErrors" time="0.0">
    <skipped/>
  </testcase> <!-- getErrors -->
  <testcase classname="tests.LoginPageTest" name="getErrors" time="0.0">
    <skipped/>
  </testcase> <!-- getErrors -->
  <testcase classname="tests.LoginPageTest" name="getErrors" time="0.0">
    <skipped/>
  </testcase> <!-- getErrors -->
  <testcase classname="tests.PersonalPageTest" name="goPersonal" time="0.0">
    <skipped/>
  </testcase> <!-- goPersonal -->
  <testcase classname="tests.RegisterPageTest" name="gotoRegister" time="0.0">
    <skipped/>
  </testcase> <!-- gotoRegister -->
  <testcase classname="tests.TalentTraitsPageTest" name="goTalentTraits" time="0.0">
    <skipped/>
  </testcase> <!-- goTalentTraits -->
  <testcase classname="tests.CategoryPageTest" name="getError" time="0.0">
    <skipped/>
  </testcase> <!-- getError -->
  <testcase classname="tests.LoginPageTest" name="emptyPass" time="0.0">
    <skipped/>
  </testcase> <!-- emptyPass -->
  <testcase classname="tests.PersonalPageTest" name="enterLongFirstName" time="0.0">
    <skipped/>
  </testcase> <!-- enterLongFirstName -->
  <testcase classname="tests.RegisterPageTest" name="checkEmailError" time="0.0">
    <skipped/>
  </testcase> <!-- checkEmailError -->
  <testcase classname="tests.RegisterPageTest" name="checkEmailError" time="0.0">
    <skipped/>
  </testcase> <!-- checkEmailError -->
  <testcase classname="tests.RegisterPageTest" name="checkEmailError" time="0.0">
    <skipped/>
  </testcase> <!-- checkEmailError -->
  <testcase classname="tests.RegisterPageTest" name="checkEmailError" time="0.0">
    <skipped/>
  </testcase> <!-- checkEmailError -->
  <testcase classname="tests.RegisterPageTest" name="checkEmailError" time="0.0">
    <skipped/>
  </testcase> <!-- checkEmailError -->
  <testcase classname="tests.RegisterPageTest" name="checkEmailError" time="0.0">
    <skipped/>
  </testcase> <!-- checkEmailError -->
  <testcase classname="tests.RegisterPageTest" name="checkEmailError" time="0.0">
    <skipped/>
  </testcase> <!-- checkEmailError -->
  <testcase classname="tests.RegisterPageTest" name="checkEmailError" time="0.0">
    <skipped/>
  </testcase> <!-- checkEmailError -->
  <testcase classname="tests.RegisterPageTest" name="checkEmailError" time="0.0">
    <skipped/>
  </testcase> <!-- checkEmailError -->
  <testcase classname="tests.RegisterPageTest" name="checkEmailError" time="0.0">
    <skipped/>
  </testcase> <!-- checkEmailError -->
  <testcase classname="tests.RegisterPageTest" name="checkEmailError" time="0.001">
    <skipped/>
  </testcase> <!-- checkEmailError -->
  <testcase classname="tests.RegisterPageTest" name="checkEmailError" time="0.0">
    <skipped/>
  </testcase> <!-- checkEmailError -->
  <testcase classname="tests.RegisterPageTest" name="checkEmailError" time="0.0">
    <skipped/>
  </testcase> <!-- checkEmailError -->
  <testcase classname="tests.RegisterPageTest" name="checkEmailError" time="0.0">
    <skipped/>
  </testcase> <!-- checkEmailError -->
  <testcase classname="tests.RegisterPageTest" name="checkEmailError" time="0.0">
    <skipped/>
  </testcase> <!-- checkEmailError -->
  <testcase classname="tests.RegisterPageTest" name="checkEmailError" time="0.003">
    <skipped/>
  </testcase> <!-- checkEmailError -->
  <testcase classname="tests.TalentTraitsPageTest" name="getEmptyErrors" time="0.0">
    <skipped/>
  </testcase> <!-- getEmptyErrors -->
  <testcase classname="tests.LoginPageTest" name="validLogin" time="0.0">
    <skipped/>
  </testcase> <!-- validLogin -->
  <testcase classname="tests.PersonalPageTest" name="getIncorrectFileType" time="0.0">
    <skipped/>
  </testcase> <!-- getIncorrectFileType -->
  <testcase classname="tests.RegisterPageTest" name="registerNewUser" time="0.0">
    <skipped/>
  </testcase> <!-- registerNewUser -->
  <testcase classname="tests.TalentTraitsPageTest" name="insert11" time="0.0">
    <skipped/>
  </testcase> <!-- insert11 -->
  <testcase classname="tests.LoginPageTest" name="logout" time="0.0">
    <skipped/>
  </testcase> <!-- logout -->
  <testcase classname="tests.PersonalPageTest" name="getPlaceBirthError" time="0.0">
    <skipped/>
  </testcase> <!-- getPlaceBirthError -->
  <testcase classname="tests.RegisterPageTest" name="checkEmailWelcomeMessage" time="0.0">
    <skipped/>
  </testcase> <!-- checkEmailWelcomeMessage -->
  <testcase classname="tests.TalentTraitsPageTest" name="insert0" time="0.0">
    <skipped/>
  </testcase> <!-- insert0 -->
  <testcase classname="tests.PersonalPageTest" name="enterInvalidEmail" time="0.0">
    <skipped/>
  </testcase> <!-- enterInvalidEmail -->
  <testcase classname="tests.RegisterPageTest" name="assertMyProfile" time="0.0">
    <skipped/>
  </testcase> <!-- assertMyProfile -->
  <testcase classname="tests.TalentTraitsPageTest" name="insertScales" time="0.0">
    <skipped/>
  </testcase> <!-- insertScales -->
  <testcase classname="tests.PersonalPageTest" name="enterInvalidPhone" time="0.0">
    <skipped/>
  </testcase> <!-- enterInvalidPhone -->
  <testcase classname="tests.PersonalPageTest" name="insertInvalidHeight" time="0.0">
    <skipped/>
  </testcase> <!-- insertInvalidHeight -->
  <testcase classname="tests.PersonalPageTest" name="insertInvalidWeight" time="0.0">
    <skipped/>
  </testcase> <!-- insertInvalidWeight -->
  <testcase classname="tests.PersonalPageTest" name="insertInformation" time="0.0">
    <skipped/>
  </testcase> <!-- insertInformation -->
  <testcase classname="tests.PersonalPageTest" name="insertInformation" time="0.0">
    <skipped/>
  </testcase> <!-- insertInformation -->
  <testcase classname="tests.PersonalPageTest" name="insertInformation" time="0.0">
    <skipped/>
  </testcase> <!-- insertInformation -->
  <testcase classname="tests.PersonalPageTest" name="assertInfo" time="0.0">
    <skipped/>
  </testcase> <!-- assertInfo -->
  <testcase classname="tests.PersonalPageTest" name="assertInfo" time="0.0">
    <skipped/>
  </testcase> <!-- assertInfo -->
  <testcase classname="tests.PersonalPageTest" name="assertInfo" time="0.0">
    <skipped/>
  </testcase> <!-- assertInfo -->
  <testcase classname="tests.TalentsPageTest" name="numberOfRows" time="0.0">
    <skipped/>
  </testcase> <!-- numberOfRows -->
  <testcase classname="tests.TalentsPageTest" name="disableTalent" time="0.0">
    <skipped/>
  </testcase> <!-- disableTalent -->
  <testcase classname="tests.TalentsPageTest" name="enableTalent" time="0.0">
    <skipped/>
  </testcase> <!-- enableTalent -->
  <testcase classname="tests.TalentsPageTest" name="checkboxAll" time="0.0">
    <skipped/>
  </testcase> <!-- checkboxAll -->
  <testcase classname="tests.TalentsPageTest" name="search" time="0.0">
    <skipped/>
  </testcase> <!-- search -->
  <testcase classname="tests.TalentsPageTest" name="getNew" time="0.0">
    <skipped/>
  </testcase> <!-- getNew -->
  <testcase classname="tests.TalentsPageTest" name="edit" time="0.0">
    <skipped/>
  </testcase> <!-- edit -->
  <testcase classname="tests.BaseTest" name="@BeforeTest beforeTest" time="0.0">
    <ignored/>
  </testcase> <!-- @BeforeTest beforeTest -->
  <testcase classname="tests.BaseTest" name="@BeforeTest beforeTest" time="0.0">
    <ignored/>
  </testcase> <!-- @BeforeTest beforeTest -->
  <testcase classname="tests.BaseTest" name="@BeforeTest beforeTest" time="0.0">
    <ignored/>
  </testcase> <!-- @BeforeTest beforeTest -->
  <testcase classname="tests.BaseTest" name="@BeforeTest beforeTest" time="0.0">
    <ignored/>
  </testcase> <!-- @BeforeTest beforeTest -->
  <testcase classname="tests.BaseTest" name="@BeforeTest beforeTest" time="0.0">
    <ignored/>
  </testcase> <!-- @BeforeTest beforeTest -->
  <testcase classname="tests.BaseTest" name="@BeforeTest beforeTest" time="0.0">
    <ignored/>
  </testcase> <!-- @BeforeTest beforeTest -->
  <testcase classname="tests.BaseTest" name="@BeforeTest beforeTest" time="0.0">
    <ignored/>
  </testcase> <!-- @BeforeTest beforeTest -->
  <testcase classname="tests.TalentsPageTest" name="clickArchive" time="0.0">
    <ignored/>
  </testcase> <!-- clickArchive -->
  <testcase classname="tests.BaseTest" name="@AfterTest afterTest" time="0.0">
    <ignored/>
  </testcase> <!-- @AfterTest afterTest -->
  <testcase classname="tests.BaseTest" name="@AfterTest afterTest" time="0.0">
    <ignored/>
  </testcase> <!-- @AfterTest afterTest -->
  <testcase classname="tests.BaseTest" name="@AfterTest afterTest" time="0.0">
    <ignored/>
  </testcase> <!-- @AfterTest afterTest -->
  <testcase classname="tests.BaseTest" name="@AfterTest afterTest" time="0.0">
    <ignored/>
  </testcase> <!-- @AfterTest afterTest -->
  <testcase classname="tests.BaseTest" name="@AfterTest afterTest" time="0.0">
    <ignored/>
  </testcase> <!-- @AfterTest afterTest -->
  <testcase classname="tests.BaseTest" name="@AfterTest afterTest" time="0.0">
    <ignored/>
  </testcase> <!-- @AfterTest afterTest -->
  <testcase classname="tests.BaseTest" name="@AfterTest afterTest" time="0.0">
    <ignored/>
  </testcase> <!-- @AfterTest afterTest -->
</testsuite> <!-- Command line test -->
