<?xml version="1.0" encoding="UTF-8"?>
<!-- Generated by org.testng.reporters.JUnitXMLReporter -->
<testsuite hostname="Shushik" ignored="0" name="new user" tests="6" failures="0" timestamp="26 Oct 2017 21:28:48 GMT" time="52.897" errors="0">
  <testcase name="checkLogo" time="2.632" classname="tests.BaseTest"/>
  <testcase name="validLogin" time="3.937" classname="tests.ValidLoginTest"/>
  <testcase name="selectCategory1" time="4.872" classname="tests.CategoryPageTest"/>
  <testcase name="selectCategory1" time="3.882" classname="tests.CategoryPageTest"/>
  <testcase name="selectCategory1" time="4.322" classname="tests.CategoryPageTest"/>
  <testcase name="getError" time="1.94" classname="tests.CategoryPageTest"/>
</testsuite> <!-- new user -->
