<?xml version="1.0" encoding="UTF-8"?>
<!-- Generated by org.testng.reporters.JUnitXMLReporter -->
<testsuite ignored="28" hostname="Shushik" failures="0" tests="21" name="p1 test" time="164.62" errors="0" timestamp="24 Nov 2017 21:39:31 GMT">
  <testcase classname="tests.BaseTest" name="checkTitle" time="0.503"/>
  <testcase classname="tests.LoginPageTest" name="validLogin" time="2.769"/>
  <testcase classname="tests.LoginPageTest" name="logout" time="0.868"/>
  <testcase classname="tests.BaseTest" name="checkTitle" time="0.011"/>
  <testcase classname="tests.ValidLoginTest" name="validLogin" time="1.686"/>
  <testcase classname="tests.TalentsPageTest" name="numberOfRows" time="1.976"/>
  <testcase classname="tests.TalentsPageTest" name="disableTalent" time="0.923"/>
  <testcase classname="tests.TalentsPageTest" name="enableTalent" time="0.48"/>
  <testcase classname="tests.TalentsPageTest" name="checkboxAll" time="3.824"/>
  <testcase classname="tests.TalentsPageTest" name="search" time="1.017"/>
  <testcase classname="tests.BaseTest" name="checkTitle" time="0.027"/>
  <testcase classname="tests.CategoryPageTest" name="selectCategory1" time="4.433"/>
  <testcase classname="tests.CategoryPageTest" name="selectCategory1" time="3.879"/>
  <testcase classname="tests.CategoryPageTest" name="selectCategory1" time="4.069"/>
  <testcase classname="tests.BaseTest" name="checkTitle" time="0.031"/>
  <testcase classname="tests.PersonalPageTest" name="insertInformation" time="40.544"/>
  <testcase classname="tests.PersonalPageTest" name="insertInformation" time="36.833"/>
  <testcase classname="tests.PersonalPageTest" name="insertInformation" time="36.812"/>
  <testcase classname="tests.BaseTest" name="checkTitle" time="0.386"/>
  <testcase classname="tests.TalentTraitsPageTest" name="goTalentTraits" time="3.12"/>
  <testcase classname="tests.TalentTraitsPageTest" name="insertScales" time="6.84"/>
  <testcase classname="tests.PersonalPageTest" name="getPlaceBirthError" time="0.0">
    <ignored/>
  </testcase> <!-- getPlaceBirthError -->
  <testcase classname="tests.TalentTraitsPageTest" name="insert0" time="0.0">
    <ignored/>
  </testcase> <!-- insert0 -->
  <testcase classname="tests.TalentsPageTest" name="edit" time="0.0">
    <ignored/>
  </testcase> <!-- edit -->
  <testcase classname="tests.PersonalPageTest" name="enterInvalidEmail" time="0.0">
    <ignored/>
  </testcase> <!-- enterInvalidEmail -->
  <testcase classname="tests.PersonalPageTest" name="insertInvalidWeight" time="0.0">
    <ignored/>
  </testcase> <!-- insertInvalidWeight -->
  <testcase classname="tests.TalentTraitsPageTest" name="getEmptyErrors" time="0.0">
    <ignored/>
  </testcase> <!-- getEmptyErrors -->
  <testcase classname="tests.CategoryPageTest" name="login" time="0.0">
    <ignored/>
  </testcase> <!-- login -->
  <testcase classname="tests.TalentsPageTest" name="getNew" time="0.0">
    <ignored/>
  </testcase> <!-- getNew -->
  <testcase classname="tests.PersonalPageTest" name="enterInvalidPhone" time="0.0">
    <ignored/>
  </testcase> <!-- enterInvalidPhone -->
  <testcase classname="tests.PersonalPageTest" name="goPersonal" time="0.0">
    <ignored/>
  </testcase> <!-- goPersonal -->
  <testcase classname="tests.LoginPageTest" name="emptyPass" time="0.0">
    <ignored/>
  </testcase> <!-- emptyPass -->
  <testcase classname="tests.PersonalPageTest" name="getIncorrectFileType" time="0.0">
    <ignored/>
  </testcase> <!-- getIncorrectFileType -->
  <testcase classname="tests.TalentTraitsPageTest" name="insert11" time="0.0">
    <ignored/>
  </testcase> <!-- insert11 -->
  <testcase classname="tests.BaseTest" name="@BeforeTest beforeTest" time="0.0">
    <ignored/>
  </testcase> <!-- @BeforeTest beforeTest -->
  <testcase classname="tests.BaseTest" name="@BeforeTest beforeTest" time="0.0">
    <ignored/>
  </testcase> <!-- @BeforeTest beforeTest -->
  <testcase classname="tests.BaseTest" name="@BeforeTest beforeTest" time="0.0">
    <ignored/>
  </testcase> <!-- @BeforeTest beforeTest -->
  <testcase classname="tests.BaseTest" name="@BeforeTest beforeTest" time="0.0">
    <ignored/>
  </testcase> <!-- @BeforeTest beforeTest -->
  <testcase classname="tests.PersonalPageTest" name="login" time="0.0">
    <ignored/>
  </testcase> <!-- login -->
  <testcase classname="tests.LoginPageTest" name="getErrors" time="0.0">
    <ignored/>
  </testcase> <!-- getErrors -->
  <testcase classname="tests.CategoryPageTest" name="getError" time="0.0">
    <ignored/>
  </testcase> <!-- getError -->
  <testcase classname="tests.TalentsPageTest" name="clickArchive" time="0.0">
    <ignored/>
  </testcase> <!-- clickArchive -->
  <testcase classname="tests.PersonalPageTest" name="insertInvalidHeight" time="0.0">
    <ignored/>
  </testcase> <!-- insertInvalidHeight -->
  <testcase classname="tests.BaseTest" name="@AfterTest afterTest" time="0.0">
    <ignored/>
  </testcase> <!-- @AfterTest afterTest -->
  <testcase classname="tests.BaseTest" name="@AfterTest afterTest" time="0.0">
    <ignored/>
  </testcase> <!-- @AfterTest afterTest -->
  <testcase classname="tests.BaseTest" name="@AfterTest afterTest" time="0.0">
    <ignored/>
  </testcase> <!-- @AfterTest afterTest -->
  <testcase classname="tests.BaseTest" name="@AfterTest afterTest" time="0.0">
    <ignored/>
  </testcase> <!-- @AfterTest afterTest -->
  <testcase classname="tests.PersonalPageTest" name="enterLongFirstName" time="0.0">
    <ignored/>
  </testcase> <!-- enterLongFirstName -->
  <testcase classname="tests.TalentTraitsPageTest" name="login" time="0.0">
    <ignored/>
  </testcase> <!-- login -->
</testsuite> <!-- p1 test -->
