<?xml version="1.0" encoding="UTF-8"?>
<!-- Generated by org.testng.reporters.JUnitXMLReporter -->
<testsuite hostname="Shushik" ignored="0" name="register" tests="21" failures="0" timestamp="11 Nov 2017 01:12:59 GMT" time="0.253" errors="0">
  <testcase name="@BeforeTest beforeClass" time="0.003" classname="tests.BaseTest">
    <failure type="java.lang.NullPointerException">
      <![CDATA[java.lang.NullPointerException
	at com.google.common.base.Preconditions.checkNotNull(Preconditions.java:787)
	at org.openqa.selenium.support.ui.FluentWait.<init>(FluentWait.java:96)
	at org.openqa.selenium.support.ui.WebDriverWait.<init>(WebDriverWait.java:72)
	at org.openqa.selenium.support.ui.WebDriverWait.<init>(WebDriverWait.java:46)
	at pages.BasePage.<init>(BasePage.java:18)
	at pages.LoginPage.<init>(LoginPage.java:37)
	at tests.BaseTest.beforeClass(BaseTest.java:38)
... Removed 22 stack frames]]>
    </failure>
  </testcase> <!-- @BeforeTest beforeClass -->
  <testcase name="@BeforeTest beforeTest" time="0.0" classname="tests.BaseTest">
    <skipped/>
  </testcase> <!-- @BeforeTest beforeTest -->
  <testcase name="@BeforeClass generateUser" time="0.0" classname="tests.RegisterPageTest">
    <skipped/>
  </testcase> <!-- @BeforeClass generateUser -->
  <testcase name="@AfterTest afterTest" time="0.0" classname="tests.BaseTest">
    <skipped/>
  </testcase> <!-- @AfterTest afterTest -->
  <testcase name="checkLogo" time="0.0" classname="tests.BaseTest">
    <skipped/>
  </testcase> <!-- checkLogo -->
  <testcase name="gotoRegister" time="0.0" classname="tests.RegisterPageTest">
    <skipped/>
  </testcase> <!-- gotoRegister -->
  <testcase name="checkEmailError" time="0.0" classname="tests.RegisterPageTest">
    <skipped/>
  </testcase> <!-- checkEmailError -->
  <testcase name="checkEmailError" time="0.0" classname="tests.RegisterPageTest">
    <skipped/>
  </testcase> <!-- checkEmailError -->
  <testcase name="checkEmailError" time="0.0" classname="tests.RegisterPageTest">
    <skipped/>
  </testcase> <!-- checkEmailError -->
  <testcase name="checkEmailError" time="0.0" classname="tests.RegisterPageTest">
    <skipped/>
  </testcase> <!-- checkEmailError -->
  <testcase name="checkEmailError" time="0.0" classname="tests.RegisterPageTest">
    <skipped/>
  </testcase> <!-- checkEmailError -->
  <testcase name="checkEmailError" time="0.0" classname="tests.RegisterPageTest">
    <skipped/>
  </testcase> <!-- checkEmailError -->
  <testcase name="checkEmailError" time="0.0" classname="tests.RegisterPageTest">
    <skipped/>
  </testcase> <!-- checkEmailError -->
  <testcase name="checkEmailError" time="0.0" classname="tests.RegisterPageTest">
    <skipped/>
  </testcase> <!-- checkEmailError -->
  <testcase name="checkEmailError" time="0.0" classname="tests.RegisterPageTest">
    <skipped/>
  </testcase> <!-- checkEmailError -->
  <testcase name="checkEmailError" time="0.0" classname="tests.RegisterPageTest">
    <skipped/>
  </testcase> <!-- checkEmailError -->
  <testcase name="checkEmailError" time="0.0" classname="tests.RegisterPageTest">
    <skipped/>
  </testcase> <!-- checkEmailError -->
  <testcase name="checkEmailError" time="0.0" classname="tests.RegisterPageTest">
    <skipped/>
  </testcase> <!-- checkEmailError -->
  <testcase name="checkEmailError" time="0.0" classname="tests.RegisterPageTest">
    <skipped/>
  </testcase> <!-- checkEmailError -->
  <testcase name="checkEmailError" time="0.0" classname="tests.RegisterPageTest">
    <skipped/>
  </testcase> <!-- checkEmailError -->
  <testcase name="checkEmailError" time="0.0" classname="tests.RegisterPageTest">
    <skipped/>
  </testcase> <!-- checkEmailError -->
  <testcase name="checkEmailError" time="0.0" classname="tests.RegisterPageTest">
    <skipped/>
  </testcase> <!-- checkEmailError -->
  <testcase name="registerNewUser" time="0.0" classname="tests.RegisterPageTest">
    <skipped/>
  </testcase> <!-- registerNewUser -->
  <testcase name="checkEmailWelcomeMessage" time="0.0" classname="tests.RegisterPageTest">
    <skipped/>
  </testcase> <!-- checkEmailWelcomeMessage -->
  <testcase name="assertMyProfile" time="0.0" classname="tests.RegisterPageTest">
    <skipped/>
  </testcase> <!-- assertMyProfile -->
</testsuite> <!-- register -->
